{"D:\\Projects\\HRManagerment\\src\\__test__\\index.ts": {"path":"D:\\Projects\\HRManagerment\\src\\__test__\\index.ts","statementMap":{"0":{"start":{"line":1,"column":0},"end":{"line":1,"column":55}},"1":{"start":{"line":3,"column":17},"end":{"line":6,"column":2}},"2":{"start":{"line":8,"column":9},"end":{"line":8,"column":17}}},"fnMap":{},"branchMap":{},"s":{"0":1,"1":1,"2":1},"f":{},"b":{}}
,"D:\\Projects\\HRManagerment\\src\\__test__\\mocks\\getMockData.ts": {"path":"D:\\Projects\\HRManagerment\\src\\__test__\\mocks\\getMockData.ts","statementMap":{"0":{"start":{"line":1,"column":0},"end":{"line":1,"column":25}},"1":{"start":{"line":3,"column":0},"end":{"line":3,"column":29}},"2":{"start":{"line":7,"column":20},"end":{"line":7,"column":59}},"3":{"start":{"line":8,"column":20},"end":{"line":8,"column":68}},"4":{"start":{"line":9,"column":25},"end":{"line":9,"column":45}},"5":{"start":{"line":10,"column":3},"end":{"line":10,"column":16}},"6":{"start":{"line":14,"column":20},"end":{"line":14,"column":63}},"7":{"start":{"line":15,"column":24},"end":{"line":15,"column":72}},"8":{"start":{"line":16,"column":35},"end":{"line":16,"column":59}},"9":{"start":{"line":17,"column":3},"end":{"line":17,"column":20}},"10":{"start":{"line":20,"column":14},"end":{"line":20,"column":27}},"11":{"start":{"line":22,"column":9},"end":{"line":22,"column":14}},"12":{"start":{"line":21,"column":18},"end":{"line":21,"column":36}},"13":{"start":{"line":22,"column":16},"end":{"line":22,"column":25}}},"fnMap":{"0":{"name":"getMockUser","decl":{"start":{"line":6,"column":9},"end":{"line":6,"column":20}},"loc":{"start":{"line":6,"column":20},"end":{"line":11,"column":1}}},"1":{"name":"getMockFormStore","decl":{"start":{"line":13,"column":9},"end":{"line":13,"column":25}},"loc":{"start":{"line":13,"column":25},"end":{"line":18,"column":1}}}},"branchMap":{},"s":{"0":1,"1":1,"2":1,"3":1,"4":1,"5":1,"6":1,"7":1,"8":1,"9":1,"10":1,"11":1,"12":1,"13":1},"f":{"0":1,"1":1},"b":{}}
,"D:\\Projects\\HRManagerment\\src\\apis\\v1\\forms\\forms.model.ts": {"path":"D:\\Projects\\HRManagerment\\src\\apis\\v1\\forms\\forms.model.ts","statementMap":{"0":{"start":{"line":32,"column":13},"end":{"line":42,"column":2}},"1":{"start":{"line":52,"column":36},"end":{"line":71,"column":1}},"2":{"start":{"line":57,"column":15},"end":{"line":57,"column":17}},"3":{"start":{"line":58,"column":3},"end":{"line":69,"column":null}},"4":{"start":{"line":59,"column":6},"end":{"line":65,"column":null}},"5":{"start":{"line":60,"column":9},"end":{"line":62,"column":null}},"6":{"start":{"line":61,"column":12},"end":{"line":61,"column":47}},"7":{"start":{"line":64,"column":9},"end":{"line":64,"column":44}},"8":{"start":{"line":66,"column":6},"end":{"line":68,"column":null}},"9":{"start":{"line":67,"column":9},"end":{"line":67,"column":25}},"10":{"start":{"line":70,"column":3},"end":{"line":70,"column":28}},"11":{"start":{"line":52,"column":13},"end":{"line":52,"column":36}},"12":{"start":{"line":73,"column":0},"end":{"line":73,"column":51}},"13":{"start":{"line":74,"column":0},"end":{"line":74,"column":50}}},"fnMap":{"0":{"name":"(anonymous_4)","decl":{"start":{"line":52,"column":36},"end":{"line":52,"column":null}},"loc":{"start":{"line":56,"column":16},"end":{"line":71,"column":1}}}},"branchMap":{"0":{"loc":{"start":{"line":59,"column":6},"end":{"line":65,"column":null}},"type":"if","locations":[{"start":{"line":59,"column":6},"end":{"line":65,"column":null}},{"start":{"line":63,"column":13},"end":{"line":65,"column":null}}]},"1":{"loc":{"start":{"line":60,"column":9},"end":{"line":62,"column":null}},"type":"if","locations":[{"start":{"line":60,"column":9},"end":{"line":62,"column":null}}]},"2":{"loc":{"start":{"line":66,"column":6},"end":{"line":68,"column":null}},"type":"if","locations":[{"start":{"line":66,"column":6},"end":{"line":68,"column":null}}]},"3":{"loc":{"start":{"line":66,"column":10},"end":{"line":66,"column":61}},"type":"binary-expr","locations":[{"start":{"line":66,"column":10},"end":{"line":66,"column":17}},{"start":{"line":66,"column":21},"end":{"line":66,"column":29}},{"start":{"line":66,"column":33},"end":{"line":66,"column":61}}]}},"s":{"0":2,"1":2,"2":4,"3":4,"4":36,"5":0,"6":0,"7":36,"8":36,"9":16,"10":4,"11":2,"12":2,"13":2},"f":{"0":4},"b":{"0":[0,36],"1":[0],"2":[16],"3":[36,36,36]}}
,"D:\\Projects\\HRManagerment\\src\\apis\\v1\\forms\\anualReviewForms\\anualForm.model.ts": {"path":"D:\\Projects\\HRManagerment\\src\\apis\\v1\\forms\\anualReviewForms\\anualForm.model.ts","statementMap":{"0":{"start":{"line":1,"column":0},"end":{"line":1,"column":61}},"1":{"start":{"line":25,"column":38},"end":{"line":35,"column":2}},"2":{"start":{"line":37,"column":64},"end":{"line":42,"column":2}},"3":{"start":{"line":45,"column":13},"end":{"line":48,"column":2}},"4":{"start":{"line":51,"column":13},"end":{"line":51,"column":64}},"5":{"start":{"line":52,"column":13},"end":{"line":52,"column":70}},"6":{"start":{"line":53,"column":22},"end":{"line":53,"column":52}},"7":{"start":{"line":56,"column":20},"end":{"line":56,"column":45}},"8":{"start":{"line":57,"column":20},"end":{"line":57,"column":46}},"9":{"start":{"line":58,"column":18},"end":{"line":58,"column":20}},"10":{"start":{"line":59,"column":3},"end":{"line":68,"column":null}},"11":{"start":{"line":60,"column":6},"end":{"line":67,"column":null}},"12":{"start":{"line":61,"column":9},"end":{"line":61,"column":50}},"13":{"start":{"line":62,"column":13},"end":{"line":67,"column":null}},"14":{"start":{"line":63,"column":9},"end":{"line":65,"column":null}},"15":{"start":{"line":64,"column":12},"end":{"line":64,"column":55}},"16":{"start":{"line":66,"column":9},"end":{"line":66,"column":81}},"17":{"start":{"line":69,"column":3},"end":{"line":69,"column":35}},"18":{"start":{"line":55,"column":0},"end":{"line":55,"column":16}},"19":{"start":{"line":73,"column":27},"end":{"line":73,"column":65}},"20":{"start":{"line":74,"column":3},"end":{"line":80,"column":null}},"21":{"start":{"line":76,"column":6},"end":{"line":79,"column":null}},"22":{"start":{"line":77,"column":9},"end":{"line":77,"column":37}},"23":{"start":{"line":78,"column":9},"end":{"line":78,"column":62}},"24":{"start":{"line":81,"column":3},"end":{"line":81,"column":26}},"25":{"start":{"line":72,"column":0},"end":{"line":72,"column":16}}},"fnMap":{"0":{"name":"anualFormDataFactory","decl":{"start":{"line":55,"column":16},"end":{"line":55,"column":36}},"loc":{"start":{"line":55,"column":58},"end":{"line":70,"column":1}}},"1":{"name":"filterAnualFormFactory","decl":{"start":{"line":72,"column":16},"end":{"line":72,"column":38}},"loc":{"start":{"line":72,"column":57},"end":{"line":82,"column":1}}}},"branchMap":{"0":{"loc":{"start":{"line":60,"column":6},"end":{"line":67,"column":null}},"type":"if","locations":[{"start":{"line":60,"column":6},"end":{"line":67,"column":null}},{"start":{"line":62,"column":13},"end":{"line":67,"column":null}}]},"1":{"loc":{"start":{"line":62,"column":13},"end":{"line":67,"column":null}},"type":"if","locations":[{"start":{"line":62,"column":13},"end":{"line":67,"column":null}}]},"2":{"loc":{"start":{"line":63,"column":9},"end":{"line":65,"column":null}},"type":"if","locations":[{"start":{"line":63,"column":9},"end":{"line":65,"column":null}}]},"3":{"loc":{"start":{"line":76,"column":6},"end":{"line":79,"column":null}},"type":"if","locations":[{"start":{"line":76,"column":6},"end":{"line":79,"column":null}}]}},"s":{"0":2,"1":2,"2":2,"3":2,"4":2,"5":2,"6":2,"7":12,"8":12,"9":12,"10":12,"11":36,"12":12,"13":24,"14":24,"15":12,"16":24,"17":12,"18":2,"19":1,"20":1,"21":1,"22":0,"23":0,"24":1,"25":2},"f":{"0":12,"1":1},"b":{"0":[12,24],"1":[24],"2":[12],"3":[0]}}
,"D:\\Projects\\HRManagerment\\src\\apis\\v1\\forms\\anualReviewForms\\anualForm.service.ts": {"path":"D:\\Projects\\HRManagerment\\src\\apis\\v1\\forms\\anualReviewForms\\anualForm.service.ts","statementMap":{"0":{"start":{"line":1,"column":0},"end":{"line":1,"column":55}},"1":{"start":{"line":4,"column":0},"end":{"line":4,"column":50}},"2":{"start":{"line":5,"column":0},"end":{"line":5,"column":66}},"3":{"start":{"line":6,"column":0},"end":{"line":6,"column":59}},"4":{"start":{"line":7,"column":0},"end":{"line":7,"column":64}},"5":{"start":{"line":8,"column":0},"end":{"line":8,"column":null}},"6":{"start":{"line":14,"column":0},"end":{"line":14,"column":73}},"7":{"start":{"line":15,"column":0},"end":{"line":15,"column":68}},"8":{"start":{"line":16,"column":0},"end":{"line":16,"column":54}},"9":{"start":{"line":17,"column":0},"end":{"line":17,"column":100}},"10":{"start":{"line":21,"column":28},"end":{"line":21,"column":57}},"11":{"start":{"line":22,"column":6},"end":{"line":77,"column":null}},"12":{"start":{"line":23,"column":30},"end":{"line":23,"column":43}},"13":{"start":{"line":24,"column":27},"end":{"line":24,"column":88}},"14":{"start":{"line":25,"column":9},"end":{"line":27,"column":null}},"15":{"start":{"line":26,"column":12},"end":{"line":26,"column":64}},"16":{"start":{"line":29,"column":9},"end":{"line":31,"column":null}},"17":{"start":{"line":30,"column":12},"end":{"line":30,"column":61}},"18":{"start":{"line":33,"column":9},"end":{"line":35,"column":null}},"19":{"start":{"line":34,"column":12},"end":{"line":34,"column":67}},"20":{"start":{"line":37,"column":9},"end":{"line":42,"column":null}},"21":{"start":{"line":41,"column":12},"end":{"line":41,"column":57}},"22":{"start":{"line":43,"column":23},"end":{"line":48,"column":11}},"23":{"start":{"line":50,"column":37},"end":{"line":50,"column":39}},"24":{"start":{"line":51,"column":31},"end":{"line":57,"column":11}},"25":{"start":{"line":52,"column":38},"end":{"line":52,"column":42}},"26":{"start":{"line":53,"column":12},"end":{"line":53,"column":34}},"27":{"start":{"line":54,"column":30},"end":{"line":54,"column":71}},"28":{"start":{"line":55,"column":12},"end":{"line":55,"column":39}},"29":{"start":{"line":56,"column":12},"end":{"line":56,"column":29}},"30":{"start":{"line":59,"column":34},"end":{"line":59,"column":104}},"31":{"start":{"line":61,"column":9},"end":{"line":61,"column":55}},"32":{"start":{"line":63,"column":44},"end":{"line":68,"column":11}},"33":{"start":{"line":69,"column":9},"end":{"line":71,"column":12}},"34":{"start":{"line":70,"column":12},"end":{"line":70,"column":60}},"35":{"start":{"line":73,"column":9},"end":{"line":73,"column":32}},"36":{"start":{"line":74,"column":9},"end":{"line":74,"column":33}},"37":{"start":{"line":76,"column":9},"end":{"line":76,"column":21}},"38":{"start":{"line":81,"column":28},"end":{"line":81,"column":57}},"39":{"start":{"line":83,"column":6},"end":{"line":104,"column":null}},"40":{"start":{"line":84,"column":27},"end":{"line":84,"column":88}},"41":{"start":{"line":85,"column":9},"end":{"line":87,"column":null}},"42":{"start":{"line":86,"column":12},"end":{"line":86,"column":61}},"43":{"start":{"line":90,"column":9},"end":{"line":94,"column":null}},"44":{"start":{"line":91,"column":12},"end":{"line":91,"column":51}},"45":{"start":{"line":92,"column":16},"end":{"line":94,"column":null}},"46":{"start":{"line":93,"column":12},"end":{"line":93,"column":57}},"47":{"start":{"line":96,"column":29},"end":{"line":99,"column":null}},"48":{"start":{"line":101,"column":9},"end":{"line":101,"column":28}},"49":{"start":{"line":103,"column":9},"end":{"line":103,"column":21}},"50":{"start":{"line":109,"column":28},"end":{"line":109,"column":57}},"51":{"start":{"line":110,"column":31},"end":{"line":110,"column":99}},"52":{"start":{"line":111,"column":6},"end":{"line":113,"column":null}},"53":{"start":{"line":112,"column":9},"end":{"line":112,"column":56}},"54":{"start":{"line":115,"column":6},"end":{"line":120,"column":null}},"55":{"start":{"line":119,"column":9},"end":{"line":119,"column":54}},"56":{"start":{"line":121,"column":6},"end":{"line":130,"column":null}},"57":{"start":{"line":122,"column":29},"end":{"line":125,"column":null}},"58":{"start":{"line":127,"column":9},"end":{"line":127,"column":28}},"59":{"start":{"line":129,"column":9},"end":{"line":129,"column":21}},"60":{"start":{"line":135,"column":60},"end":{"line":135,"column":71}},"61":{"start":{"line":137,"column":6},"end":{"line":145,"column":null}},"62":{"start":{"line":138,"column":9},"end":{"line":144,"column":null}},"63":{"start":{"line":139,"column":12},"end":{"line":139,"column":42}},"64":{"start":{"line":141,"column":12},"end":{"line":143,"column":null}},"65":{"start":{"line":142,"column":15},"end":{"line":142,"column":92}},"66":{"start":{"line":147,"column":39},"end":{"line":149,"column":8}},"67":{"start":{"line":151,"column":6},"end":{"line":215,"column":null}},"68":{"start":{"line":152,"column":28},"end":{"line":152,"column":33}},"69":{"start":{"line":153,"column":24},"end":{"line":153,"column":29}},"70":{"start":{"line":154,"column":9},"end":{"line":156,"column":null}},"71":{"start":{"line":155,"column":12},"end":{"line":155,"column":32}},"72":{"start":{"line":158,"column":9},"end":{"line":162,"column":null}},"73":{"start":{"line":159,"column":12},"end":{"line":159,"column":49}},"74":{"start":{"line":160,"column":12},"end":{"line":160,"column":41}},"75":{"start":{"line":161,"column":12},"end":{"line":161,"column":28}},"76":{"start":{"line":164,"column":9},"end":{"line":168,"column":null}},"77":{"start":{"line":166,"column":32},"end":{"line":166,"column":62}},"78":{"start":{"line":167,"column":12},"end":{"line":167,"column":51}},"79":{"start":{"line":170,"column":9},"end":{"line":191,"column":null}},"80":{"start":{"line":171,"column":45},"end":{"line":172,"column":null}},"81":{"start":{"line":174,"column":33},"end":{"line":174,"column":70}},"82":{"start":{"line":176,"column":12},"end":{"line":181,"column":15}},"83":{"start":{"line":177,"column":15},"end":{"line":179,"column":null}},"84":{"start":{"line":178,"column":18},"end":{"line":178,"column":55}},"85":{"start":{"line":180,"column":15},"end":{"line":180,"column":36}},"86":{"start":{"line":183,"column":12},"end":{"line":190,"column":14}},"87":{"start":{"line":193,"column":9},"end":{"line":195,"column":null}},"88":{"start":{"line":194,"column":12},"end":{"line":194,"column":92}},"89":{"start":{"line":202,"column":9},"end":{"line":210,"column":null}},"90":{"start":{"line":203,"column":12},"end":{"line":203,"column":105}},"91":{"start":{"line":204,"column":12},"end":{"line":207,"column":null}},"92":{"start":{"line":206,"column":15},"end":{"line":206,"column":102}},"93":{"start":{"line":209,"column":12},"end":{"line":209,"column":97}},"94":{"start":{"line":212,"column":9},"end":{"line":212,"column":28}},"95":{"start":{"line":214,"column":9},"end":{"line":214,"column":21}},"96":{"start":{"line":219,"column":6},"end":{"line":235,"column":null}},"97":{"start":{"line":220,"column":9},"end":{"line":222,"column":null}},"98":{"start":{"line":221,"column":12},"end":{"line":221,"column":63}},"99":{"start":{"line":223,"column":28},"end":{"line":223,"column":94}},"100":{"start":{"line":224,"column":9},"end":{"line":226,"column":null}},"101":{"start":{"line":225,"column":12},"end":{"line":225,"column":97}},"102":{"start":{"line":227,"column":9},"end":{"line":231,"column":null}},"103":{"start":{"line":228,"column":12},"end":{"line":230,"column":null}},"104":{"start":{"line":229,"column":15},"end":{"line":229,"column":92}},"105":{"start":{"line":232,"column":9},"end":{"line":232,"column":27}},"106":{"start":{"line":234,"column":9},"end":{"line":234,"column":21}},"107":{"start":{"line":239,"column":0},"end":{"line":239,"column":32}}},"fnMap":{"0":{"name":"(anonymous_0)","decl":{"start":{"line":20,"column":10},"end":{"line":20,"column":15}},"loc":{"start":{"line":20,"column":66},"end":{"line":78,"column":4}}},"1":{"name":"(anonymous_1)","decl":{"start":{"line":51,"column":41},"end":{"line":51,"column":42}},"loc":{"start":{"line":51,"column":50},"end":{"line":57,"column":10}}},"2":{"name":"(anonymous_2)","decl":{"start":{"line":69,"column":41},"end":{"line":69,"column":42}},"loc":{"start":{"line":69,"column":49},"end":{"line":71,"column":10}}},"3":{"name":"(anonymous_3)","decl":{"start":{"line":80,"column":10},"end":{"line":80,"column":15}},"loc":{"start":{"line":80,"column":88},"end":{"line":105,"column":4}}},"4":{"name":"(anonymous_4)","decl":{"start":{"line":108,"column":10},"end":{"line":108,"column":15}},"loc":{"start":{"line":108,"column":81},"end":{"line":131,"column":4}}},"5":{"name":"(anonymous_5)","decl":{"start":{"line":134,"column":10},"end":{"line":134,"column":15}},"loc":{"start":{"line":134,"column":101},"end":{"line":216,"column":4}}},"6":{"name":"(anonymous_6)","decl":{"start":{"line":176,"column":44},"end":{"line":176,"column":45}},"loc":{"start":{"line":176,"column":52},"end":{"line":181,"column":13}}},"7":{"name":"(anonymous_7)","decl":{"start":{"line":218,"column":10},"end":{"line":218,"column":15}},"loc":{"start":{"line":218,"column":60},"end":{"line":236,"column":4}}}},"branchMap":{"0":{"loc":{"start":{"line":25,"column":9},"end":{"line":27,"column":null}},"type":"if","locations":[{"start":{"line":25,"column":9},"end":{"line":27,"column":null}}]},"1":{"loc":{"start":{"line":29,"column":9},"end":{"line":31,"column":null}},"type":"if","locations":[{"start":{"line":29,"column":9},"end":{"line":31,"column":null}}]},"2":{"loc":{"start":{"line":33,"column":9},"end":{"line":35,"column":null}},"type":"if","locations":[{"start":{"line":33,"column":9},"end":{"line":35,"column":null}}]},"3":{"loc":{"start":{"line":37,"column":9},"end":{"line":42,"column":null}},"type":"if","locations":[{"start":{"line":37,"column":9},"end":{"line":42,"column":null}}]},"4":{"loc":{"start":{"line":38,"column":12},"end":{"line":39,"column":48}},"type":"binary-expr","locations":[{"start":{"line":38,"column":12},"end":{"line":38,"column":72}},{"start":{"line":39,"column":12},"end":{"line":39,"column":48}}]},"5":{"loc":{"start":{"line":70,"column":24},"end":{"line":70,"column":58}},"type":"binary-expr","locations":[{"start":{"line":70,"column":24},"end":{"line":70,"column":36}},{"start":{"line":70,"column":40},"end":{"line":70,"column":58}}]},"6":{"loc":{"start":{"line":85,"column":9},"end":{"line":87,"column":null}},"type":"if","locations":[{"start":{"line":85,"column":9},"end":{"line":87,"column":null}}]},"7":{"loc":{"start":{"line":90,"column":9},"end":{"line":94,"column":null}},"type":"if","locations":[{"start":{"line":90,"column":9},"end":{"line":94,"column":null}},{"start":{"line":92,"column":16},"end":{"line":94,"column":null}}]},"8":{"loc":{"start":{"line":92,"column":16},"end":{"line":94,"column":null}},"type":"if","locations":[{"start":{"line":92,"column":16},"end":{"line":94,"column":null}}]},"9":{"loc":{"start":{"line":111,"column":6},"end":{"line":113,"column":null}},"type":"if","locations":[{"start":{"line":111,"column":6},"end":{"line":113,"column":null}}]},"10":{"loc":{"start":{"line":115,"column":6},"end":{"line":120,"column":null}},"type":"if","locations":[{"start":{"line":115,"column":6},"end":{"line":120,"column":null}}]},"11":{"loc":{"start":{"line":116,"column":9},"end":{"line":117,"column":54}},"type":"binary-expr","locations":[{"start":{"line":116,"column":9},"end":{"line":116,"column":73}},{"start":{"line":117,"column":9},"end":{"line":117,"column":54}}]},"12":{"loc":{"start":{"line":135,"column":14},"end":{"line":135,"column":25}},"type":"default-arg","locations":[{"start":{"line":135,"column":23},"end":{"line":135,"column":25}}]},"13":{"loc":{"start":{"line":137,"column":6},"end":{"line":145,"column":null}},"type":"if","locations":[{"start":{"line":137,"column":6},"end":{"line":145,"column":null}}]},"14":{"loc":{"start":{"line":137,"column":10},"end":{"line":137,"column":79}},"type":"binary-expr","locations":[{"start":{"line":137,"column":10},"end":{"line":137,"column":42}},{"start":{"line":137,"column":46},"end":{"line":137,"column":79}}]},"15":{"loc":{"start":{"line":138,"column":9},"end":{"line":144,"column":null}},"type":"if","locations":[{"start":{"line":138,"column":9},"end":{"line":144,"column":null}},{"start":{"line":140,"column":16},"end":{"line":144,"column":null}}]},"16":{"loc":{"start":{"line":141,"column":12},"end":{"line":143,"column":null}},"type":"if","locations":[{"start":{"line":141,"column":12},"end":{"line":143,"column":null}}]},"17":{"loc":{"start":{"line":154,"column":9},"end":{"line":156,"column":null}},"type":"if","locations":[{"start":{"line":154,"column":9},"end":{"line":156,"column":null}}]},"18":{"loc":{"start":{"line":158,"column":9},"end":{"line":162,"column":null}},"type":"if","locations":[{"start":{"line":158,"column":9},"end":{"line":162,"column":null}}]},"19":{"loc":{"start":{"line":158,"column":13},"end":{"line":158,"column":70}},"type":"binary-expr","locations":[{"start":{"line":158,"column":13},"end":{"line":158,"column":25}},{"start":{"line":158,"column":29},"end":{"line":158,"column":36}},{"start":{"line":158,"column":40},"end":{"line":158,"column":70}}]},"20":{"loc":{"start":{"line":164,"column":9},"end":{"line":168,"column":null}},"type":"if","locations":[{"start":{"line":164,"column":9},"end":{"line":168,"column":null}}]},"21":{"loc":{"start":{"line":170,"column":9},"end":{"line":191,"column":null}},"type":"if","locations":[{"start":{"line":170,"column":9},"end":{"line":191,"column":null}}]},"22":{"loc":{"start":{"line":177,"column":15},"end":{"line":179,"column":null}},"type":"if","locations":[{"start":{"line":177,"column":15},"end":{"line":179,"column":null}}]},"23":{"loc":{"start":{"line":193,"column":9},"end":{"line":195,"column":null}},"type":"if","locations":[{"start":{"line":193,"column":9},"end":{"line":195,"column":null}}]},"24":{"loc":{"start":{"line":202,"column":9},"end":{"line":210,"column":null}},"type":"if","locations":[{"start":{"line":202,"column":9},"end":{"line":210,"column":null}},{"start":{"line":208,"column":16},"end":{"line":210,"column":null}}]},"25":{"loc":{"start":{"line":204,"column":12},"end":{"line":207,"column":null}},"type":"if","locations":[{"start":{"line":204,"column":12},"end":{"line":207,"column":null}}]},"26":{"loc":{"start":{"line":204,"column":16},"end":{"line":204,"column":41}},"type":"binary-expr","locations":[{"start":{"line":204,"column":16},"end":{"line":204,"column":28}},{"start":{"line":204,"column":32},"end":{"line":204,"column":41}}]},"27":{"loc":{"start":{"line":220,"column":9},"end":{"line":222,"column":null}},"type":"if","locations":[{"start":{"line":220,"column":9},"end":{"line":222,"column":null}}]},"28":{"loc":{"start":{"line":224,"column":9},"end":{"line":226,"column":null}},"type":"if","locations":[{"start":{"line":224,"column":9},"end":{"line":226,"column":null}}]},"29":{"loc":{"start":{"line":227,"column":9},"end":{"line":231,"column":null}},"type":"if","locations":[{"start":{"line":227,"column":9},"end":{"line":231,"column":null}}]},"30":{"loc":{"start":{"line":227,"column":13},"end":{"line":227,"column":82}},"type":"binary-expr","locations":[{"start":{"line":227,"column":13},"end":{"line":227,"column":45}},{"start":{"line":227,"column":49},"end":{"line":227,"column":82}}]},"31":{"loc":{"start":{"line":228,"column":12},"end":{"line":230,"column":null}},"type":"if","locations":[{"start":{"line":228,"column":12},"end":{"line":230,"column":null}}]}},"s":{"0":1,"1":1,"2":1,"3":1,"4":1,"5":1,"6":1,"7":1,"8":1,"9":1,"10":7,"11":7,"12":7,"13":7,"14":7,"15":1,"16":6,"17":1,"18":5,"19":1,"20":4,"21":1,"22":3,"23":3,"24":3,"25":24,"26":24,"27":24,"28":24,"29":24,"30":3,"31":3,"32":3,"33":3,"34":0,"35":3,"36":3,"37":4,"38":5,"39":5,"40":5,"41":5,"42":1,"43":4,"44":2,"45":2,"46":1,"47":3,"48":3,"49":2,"50":0,"51":0,"52":0,"53":0,"54":0,"55":0,"56":0,"57":0,"58":0,"59":0,"60":3,"61":3,"62":2,"63":0,"64":2,"65":2,"66":1,"67":1,"68":1,"69":1,"70":1,"71":1,"72":1,"73":1,"74":1,"75":1,"76":1,"77":1,"78":1,"79":1,"80":0,"81":0,"82":0,"83":0,"84":0,"85":0,"86":0,"87":1,"88":0,"89":1,"90":1,"91":1,"92":0,"93":0,"94":1,"95":0,"96":0,"97":0,"98":0,"99":0,"100":0,"101":0,"102":0,"103":0,"104":0,"105":0,"106":0,"107":1},"f":{"0":7,"1":24,"2":0,"3":5,"4":0,"5":3,"6":0,"7":0},"b":{"0":[1],"1":[1],"2":[1],"3":[1],"4":[4,2],"5":[0,0],"6":[1],"7":[2,2],"8":[1],"9":[0],"10":[0],"11":[0,0],"12":[0],"13":[2],"14":[3,2],"15":[0,2],"16":[2],"17":[1],"18":[1],"19":[1,1,1],"20":[1],"21":[0],"22":[0],"23":[0],"24":[1,0],"25":[0],"26":[1,1],"27":[0],"28":[0],"29":[0],"30":[0,0],"31":[0]}}
,"D:\\Projects\\HRManagerment\\src\\apis\\v1\\forms\\probationaryForm\\probForm.model.ts": {"path":"D:\\Projects\\HRManagerment\\src\\apis\\v1\\forms\\probationaryForm\\probForm.model.ts","statementMap":{"0":{"start":{"line":1,"column":0},"end":{"line":1,"column":61}},"1":{"start":{"line":17,"column":38},"end":{"line":27,"column":2}},"2":{"start":{"line":29,"column":63},"end":{"line":35,"column":2}},"3":{"start":{"line":38,"column":13},"end":{"line":41,"column":2}},"4":{"start":{"line":42,"column":21},"end":{"line":42,"column":50}},"5":{"start":{"line":43,"column":13},"end":{"line":43,"column":67}},"6":{"start":{"line":46,"column":20},"end":{"line":46,"column":45}},"7":{"start":{"line":47,"column":20},"end":{"line":47,"column":46}},"8":{"start":{"line":48,"column":18},"end":{"line":48,"column":20}},"9":{"start":{"line":49,"column":3},"end":{"line":58,"column":null}},"10":{"start":{"line":50,"column":6},"end":{"line":57,"column":null}},"11":{"start":{"line":51,"column":9},"end":{"line":51,"column":50}},"12":{"start":{"line":52,"column":13},"end":{"line":57,"column":null}},"13":{"start":{"line":53,"column":9},"end":{"line":55,"column":null}},"14":{"start":{"line":54,"column":12},"end":{"line":54,"column":55}},"15":{"start":{"line":56,"column":9},"end":{"line":56,"column":81}},"16":{"start":{"line":59,"column":3},"end":{"line":59,"column":34}},"17":{"start":{"line":45,"column":0},"end":{"line":45,"column":16}},"18":{"start":{"line":63,"column":27},"end":{"line":63,"column":65}},"19":{"start":{"line":64,"column":3},"end":{"line":70,"column":null}},"20":{"start":{"line":66,"column":6},"end":{"line":69,"column":null}},"21":{"start":{"line":67,"column":9},"end":{"line":67,"column":37}},"22":{"start":{"line":68,"column":9},"end":{"line":68,"column":61}},"23":{"start":{"line":71,"column":3},"end":{"line":71,"column":26}},"24":{"start":{"line":62,"column":0},"end":{"line":62,"column":16}}},"fnMap":{"0":{"name":"probFormDataFactory","decl":{"start":{"line":45,"column":16},"end":{"line":45,"column":35}},"loc":{"start":{"line":45,"column":57},"end":{"line":60,"column":1}}},"1":{"name":"filterProbFormFactory","decl":{"start":{"line":62,"column":16},"end":{"line":62,"column":37}},"loc":{"start":{"line":62,"column":56},"end":{"line":72,"column":1}}}},"branchMap":{"0":{"loc":{"start":{"line":50,"column":6},"end":{"line":57,"column":null}},"type":"if","locations":[{"start":{"line":50,"column":6},"end":{"line":57,"column":null}},{"start":{"line":52,"column":13},"end":{"line":57,"column":null}}]},"1":{"loc":{"start":{"line":52,"column":13},"end":{"line":57,"column":null}},"type":"if","locations":[{"start":{"line":52,"column":13},"end":{"line":57,"column":null}}]},"2":{"loc":{"start":{"line":53,"column":9},"end":{"line":55,"column":null}},"type":"if","locations":[{"start":{"line":53,"column":9},"end":{"line":55,"column":null}}]},"3":{"loc":{"start":{"line":66,"column":6},"end":{"line":69,"column":null}},"type":"if","locations":[{"start":{"line":66,"column":6},"end":{"line":69,"column":null}}]}},"s":{"0":2,"1":2,"2":2,"3":2,"4":2,"5":2,"6":0,"7":0,"8":0,"9":0,"10":0,"11":0,"12":0,"13":0,"14":0,"15":0,"16":0,"17":2,"18":0,"19":0,"20":0,"21":0,"22":0,"23":0,"24":2},"f":{"0":0,"1":0},"b":{"0":[0,0],"1":[0],"2":[0],"3":[0]}}
,"D:\\Projects\\HRManagerment\\src\\apis\\v1\\users\\users.service.ts": {"path":"D:\\Projects\\HRManagerment\\src\\apis\\v1\\users\\users.service.ts","statementMap":{"0":{"start":{"line":2,"column":0},"end":{"line":2,"column":48}},"1":{"start":{"line":3,"column":0},"end":{"line":3,"column":55}},"2":{"start":{"line":5,"column":0},"end":{"line":5,"column":52}},"3":{"start":{"line":6,"column":0},"end":{"line":6,"column":47}},"4":{"start":{"line":7,"column":0},"end":{"line":7,"column":62}},"5":{"start":{"line":8,"column":0},"end":{"line":8,"column":42}},"6":{"start":{"line":9,"column":0},"end":{"line":9,"column":54}},"7":{"start":{"line":10,"column":0},"end":{"line":10,"column":56}},"8":{"start":{"line":11,"column":0},"end":{"line":11,"column":55}},"9":{"start":{"line":12,"column":0},"end":{"line":12,"column":56}},"10":{"start":{"line":13,"column":0},"end":{"line":13,"column":56}},"11":{"start":{"line":14,"column":0},"end":{"line":14,"column":55}},"12":{"start":{"line":15,"column":0},"end":{"line":15,"column":56}},"13":{"start":{"line":16,"column":0},"end":{"line":16,"column":56}},"14":{"start":{"line":17,"column":0},"end":{"line":17,"column":67}},"15":{"start":{"line":18,"column":0},"end":{"line":18,"column":76}},"16":{"start":{"line":23,"column":48},"end":{"line":23,"column":52}},"17":{"start":{"line":25,"column":9},"end":{"line":25,"column":90}},"18":{"start":{"line":26,"column":6},"end":{"line":56,"column":null}},"19":{"start":{"line":27,"column":30},"end":{"line":27,"column":64}},"20":{"start":{"line":28,"column":9},"end":{"line":30,"column":null}},"21":{"start":{"line":29,"column":12},"end":{"line":29,"column":68}},"22":{"start":{"line":32,"column":9},"end":{"line":35,"column":null}},"23":{"start":{"line":33,"column":12},"end":{"line":33,"column":61}},"24":{"start":{"line":34,"column":12},"end":{"line":34,"column":42}},"25":{"start":{"line":37,"column":29},"end":{"line":37,"column":57}},"26":{"start":{"line":38,"column":9},"end":{"line":40,"column":null}},"27":{"start":{"line":39,"column":12},"end":{"line":39,"column":66}},"28":{"start":{"line":42,"column":9},"end":{"line":44,"column":null}},"29":{"start":{"line":43,"column":12},"end":{"line":43,"column":67}},"30":{"start":{"line":46,"column":9},"end":{"line":46,"column":28}},"31":{"start":{"line":49,"column":9},"end":{"line":51,"column":null}},"32":{"start":{"line":50,"column":12},"end":{"line":50,"column":67}},"33":{"start":{"line":52,"column":9},"end":{"line":54,"column":null}},"34":{"start":{"line":53,"column":12},"end":{"line":53,"column":65}},"35":{"start":{"line":55,"column":9},"end":{"line":55,"column":21}},"36":{"start":{"line":60,"column":48},"end":{"line":60,"column":52}},"37":{"start":{"line":62,"column":9},"end":{"line":62,"column":102}},"38":{"start":{"line":63,"column":6},"end":{"line":110,"column":null}},"39":{"start":{"line":65,"column":9},"end":{"line":67,"column":null}},"40":{"start":{"line":66,"column":12},"end":{"line":66,"column":83}},"41":{"start":{"line":69,"column":9},"end":{"line":74,"column":null}},"42":{"start":{"line":71,"column":12},"end":{"line":73,"column":null}},"43":{"start":{"line":72,"column":15},"end":{"line":72,"column":43}},"44":{"start":{"line":76,"column":30},"end":{"line":76,"column":78}},"45":{"start":{"line":77,"column":9},"end":{"line":79,"column":null}},"46":{"start":{"line":78,"column":12},"end":{"line":78,"column":68}},"47":{"start":{"line":81,"column":9},"end":{"line":84,"column":null}},"48":{"start":{"line":82,"column":12},"end":{"line":82,"column":61}},"49":{"start":{"line":83,"column":12},"end":{"line":83,"column":48}},"50":{"start":{"line":86,"column":27},"end":{"line":91,"column":11}},"51":{"start":{"line":93,"column":9},"end":{"line":95,"column":null}},"52":{"start":{"line":94,"column":12},"end":{"line":94,"column":67}},"53":{"start":{"line":97,"column":9},"end":{"line":99,"column":null}},"54":{"start":{"line":98,"column":12},"end":{"line":98,"column":92}},"55":{"start":{"line":100,"column":27},"end":{"line":100,"column":76}},"56":{"start":{"line":101,"column":9},"end":{"line":101,"column":26}},"57":{"start":{"line":103,"column":9},"end":{"line":105,"column":null}},"58":{"start":{"line":104,"column":12},"end":{"line":104,"column":67}},"59":{"start":{"line":106,"column":9},"end":{"line":108,"column":null}},"60":{"start":{"line":107,"column":12},"end":{"line":107,"column":65}},"61":{"start":{"line":109,"column":9},"end":{"line":109,"column":21}},"62":{"start":{"line":114,"column":6},"end":{"line":160,"column":null}},"63":{"start":{"line":115,"column":37},"end":{"line":115,"column":48}},"64":{"start":{"line":116,"column":22},"end":{"line":116,"column":89}},"65":{"start":{"line":118,"column":29},"end":{"line":118,"column":80}},"66":{"start":{"line":119,"column":9},"end":{"line":121,"column":null}},"67":{"start":{"line":120,"column":12},"end":{"line":120,"column":30}},"68":{"start":{"line":123,"column":9},"end":{"line":125,"column":null}},"69":{"start":{"line":124,"column":12},"end":{"line":124,"column":30}},"70":{"start":{"line":127,"column":27},"end":{"line":127,"column":53}},"71":{"start":{"line":128,"column":32},"end":{"line":128,"column":74}},"72":{"start":{"line":130,"column":29},"end":{"line":132,"column":71}},"73":{"start":{"line":134,"column":50},"end":{"line":145,"column":11}},"74":{"start":{"line":147,"column":9},"end":{"line":152,"column":null}},"75":{"start":{"line":148,"column":12},"end":{"line":151,"column":15}},"76":{"start":{"line":154,"column":9},"end":{"line":157,"column":11}},"77":{"start":{"line":159,"column":9},"end":{"line":159,"column":21}},"78":{"start":{"line":164,"column":6},"end":{"line":169,"column":null}},"79":{"start":{"line":165,"column":21},"end":{"line":165,"column":61}},"80":{"start":{"line":166,"column":9},"end":{"line":166,"column":20}},"81":{"start":{"line":168,"column":9},"end":{"line":168,"column":21}},"82":{"start":{"line":173,"column":6},"end":{"line":191,"column":null}},"83":{"start":{"line":174,"column":40},"end":{"line":179,"column":11}},"84":{"start":{"line":180,"column":9},"end":{"line":187,"column":null}},"85":{"start":{"line":181,"column":12},"end":{"line":186,"column":14}},"86":{"start":{"line":188,"column":9},"end":{"line":188,"column":68}},"87":{"start":{"line":190,"column":9},"end":{"line":190,"column":21}},"88":{"start":{"line":195,"column":62},"end":{"line":195,"column":72}},"89":{"start":{"line":196,"column":39},"end":{"line":201,"column":8}},"90":{"start":{"line":202,"column":6},"end":{"line":255,"column":null}},"91":{"start":{"line":203,"column":9},"end":{"line":205,"column":null}},"92":{"start":{"line":204,"column":12},"end":{"line":204,"column":83}},"93":{"start":{"line":206,"column":31},"end":{"line":206,"column":36}},"94":{"start":{"line":207,"column":28},"end":{"line":207,"column":33}},"95":{"start":{"line":208,"column":9},"end":{"line":210,"column":null}},"96":{"start":{"line":209,"column":12},"end":{"line":209,"column":32}},"97":{"start":{"line":212,"column":9},"end":{"line":216,"column":null}},"98":{"start":{"line":213,"column":12},"end":{"line":213,"column":49}},"99":{"start":{"line":214,"column":12},"end":{"line":214,"column":41}},"100":{"start":{"line":215,"column":12},"end":{"line":215,"column":35}},"101":{"start":{"line":217,"column":9},"end":{"line":219,"column":null}},"102":{"start":{"line":218,"column":12},"end":{"line":218,"column":44}},"103":{"start":{"line":220,"column":9},"end":{"line":225,"column":null}},"104":{"start":{"line":221,"column":12},"end":{"line":224,"column":14}},"105":{"start":{"line":226,"column":9},"end":{"line":235,"column":null}},"106":{"start":{"line":227,"column":12},"end":{"line":234,"column":14}},"107":{"start":{"line":241,"column":9},"end":{"line":249,"column":null}},"108":{"start":{"line":242,"column":12},"end":{"line":242,"column":63}},"109":{"start":{"line":243,"column":12},"end":{"line":246,"column":null}},"110":{"start":{"line":245,"column":15},"end":{"line":245,"column":90}},"111":{"start":{"line":248,"column":12},"end":{"line":248,"column":55}},"112":{"start":{"line":252,"column":9},"end":{"line":252,"column":22}},"113":{"start":{"line":254,"column":9},"end":{"line":254,"column":21}},"114":{"start":{"line":259,"column":6},"end":{"line":264,"column":null}},"115":{"start":{"line":260,"column":24},"end":{"line":260,"column":77}},"116":{"start":{"line":261,"column":9},"end":{"line":261,"column":23}},"117":{"start":{"line":263,"column":9},"end":{"line":263,"column":21}},"118":{"start":{"line":268,"column":0},"end":{"line":268,"column":27}}},"fnMap":{"0":{"name":"(anonymous_0)","decl":{"start":{"line":22,"column":10},"end":{"line":22,"column":15}},"loc":{"start":{"line":22,"column":33},"end":{"line":57,"column":4}}},"1":{"name":"(anonymous_1)","decl":{"start":{"line":43,"column":54},"end":{"line":43,"column":55}},"loc":{"start":{"line":43,"column":62},"end":{"line":43,"column":65}}},"2":{"name":"(anonymous_2)","decl":{"start":{"line":50,"column":54},"end":{"line":50,"column":55}},"loc":{"start":{"line":50,"column":62},"end":{"line":50,"column":65}}},"3":{"name":"(anonymous_3)","decl":{"start":{"line":53,"column":52},"end":{"line":53,"column":53}},"loc":{"start":{"line":53,"column":60},"end":{"line":53,"column":63}}},"4":{"name":"(anonymous_4)","decl":{"start":{"line":59,"column":10},"end":{"line":59,"column":15}},"loc":{"start":{"line":59,"column":69},"end":{"line":111,"column":4}}},"5":{"name":"(anonymous_5)","decl":{"start":{"line":94,"column":54},"end":{"line":94,"column":55}},"loc":{"start":{"line":94,"column":62},"end":{"line":94,"column":65}}},"6":{"name":"(anonymous_6)","decl":{"start":{"line":98,"column":79},"end":{"line":98,"column":80}},"loc":{"start":{"line":98,"column":87},"end":{"line":98,"column":90}}},"7":{"name":"(anonymous_7)","decl":{"start":{"line":104,"column":54},"end":{"line":104,"column":55}},"loc":{"start":{"line":104,"column":62},"end":{"line":104,"column":65}}},"8":{"name":"(anonymous_8)","decl":{"start":{"line":107,"column":52},"end":{"line":107,"column":53}},"loc":{"start":{"line":107,"column":60},"end":{"line":107,"column":63}}},"9":{"name":"(anonymous_9)","decl":{"start":{"line":113,"column":10},"end":{"line":113,"column":15}},"loc":{"start":{"line":113,"column":51},"end":{"line":161,"column":4}}},"10":{"name":"(anonymous_10)","decl":{"start":{"line":163,"column":10},"end":{"line":163,"column":15}},"loc":{"start":{"line":163,"column":41},"end":{"line":170,"column":4}}},"11":{"name":"(anonymous_11)","decl":{"start":{"line":172,"column":10},"end":{"line":172,"column":15}},"loc":{"start":{"line":172,"column":56},"end":{"line":192,"column":4}}},"12":{"name":"(anonymous_12)","decl":{"start":{"line":194,"column":10},"end":{"line":194,"column":15}},"loc":{"start":{"line":194,"column":75},"end":{"line":256,"column":4}}},"13":{"name":"(anonymous_13)","decl":{"start":{"line":258,"column":10},"end":{"line":258,"column":15}},"loc":{"start":{"line":258,"column":37},"end":{"line":265,"column":4}}}},"branchMap":{"0":{"loc":{"start":{"line":25,"column":9},"end":{"line":25,"column":90}},"type":"cond-expr","locations":[{"start":{"line":25,"column":48},"end":{"line":25,"column":83}},{"start":{"line":25,"column":86},"end":{"line":25,"column":90}}]},"1":{"loc":{"start":{"line":28,"column":9},"end":{"line":30,"column":null}},"type":"if","locations":[{"start":{"line":28,"column":9},"end":{"line":30,"column":null}}]},"2":{"loc":{"start":{"line":32,"column":9},"end":{"line":35,"column":null}},"type":"if","locations":[{"start":{"line":32,"column":9},"end":{"line":35,"column":null}}]},"3":{"loc":{"start":{"line":38,"column":9},"end":{"line":40,"column":null}},"type":"if","locations":[{"start":{"line":38,"column":9},"end":{"line":40,"column":null}}]},"4":{"loc":{"start":{"line":42,"column":9},"end":{"line":44,"column":null}},"type":"if","locations":[{"start":{"line":42,"column":9},"end":{"line":44,"column":null}}]},"5":{"loc":{"start":{"line":49,"column":9},"end":{"line":51,"column":null}},"type":"if","locations":[{"start":{"line":49,"column":9},"end":{"line":51,"column":null}}]},"6":{"loc":{"start":{"line":52,"column":9},"end":{"line":54,"column":null}},"type":"if","locations":[{"start":{"line":52,"column":9},"end":{"line":54,"column":null}}]},"7":{"loc":{"start":{"line":62,"column":9},"end":{"line":62,"column":102}},"type":"cond-expr","locations":[{"start":{"line":62,"column":54},"end":{"line":62,"column":95}},{"start":{"line":62,"column":98},"end":{"line":62,"column":102}}]},"8":{"loc":{"start":{"line":65,"column":9},"end":{"line":67,"column":null}},"type":"if","locations":[{"start":{"line":65,"column":9},"end":{"line":67,"column":null}}]},"9":{"loc":{"start":{"line":65,"column":13},"end":{"line":65,"column":94}},"type":"binary-expr","locations":[{"start":{"line":65,"column":13},"end":{"line":65,"column":37}},{"start":{"line":65,"column":41},"end":{"line":65,"column":94}}]},"10":{"loc":{"start":{"line":69,"column":9},"end":{"line":74,"column":null}},"type":"if","locations":[{"start":{"line":69,"column":9},"end":{"line":74,"column":null}}]},"11":{"loc":{"start":{"line":71,"column":12},"end":{"line":73,"column":null}},"type":"if","locations":[{"start":{"line":71,"column":12},"end":{"line":73,"column":null}}]},"12":{"loc":{"start":{"line":71,"column":16},"end":{"line":71,"column":68}},"type":"binary-expr","locations":[{"start":{"line":71,"column":16},"end":{"line":71,"column":37}},{"start":{"line":71,"column":41},"end":{"line":71,"column":68}}]},"13":{"loc":{"start":{"line":77,"column":9},"end":{"line":79,"column":null}},"type":"if","locations":[{"start":{"line":77,"column":9},"end":{"line":79,"column":null}}]},"14":{"loc":{"start":{"line":81,"column":9},"end":{"line":84,"column":null}},"type":"if","locations":[{"start":{"line":81,"column":9},"end":{"line":84,"column":null}}]},"15":{"loc":{"start":{"line":93,"column":9},"end":{"line":95,"column":null}},"type":"if","locations":[{"start":{"line":93,"column":9},"end":{"line":95,"column":null}}]},"16":{"loc":{"start":{"line":97,"column":9},"end":{"line":99,"column":null}},"type":"if","locations":[{"start":{"line":97,"column":9},"end":{"line":99,"column":null}}]},"17":{"loc":{"start":{"line":103,"column":9},"end":{"line":105,"column":null}},"type":"if","locations":[{"start":{"line":103,"column":9},"end":{"line":105,"column":null}}]},"18":{"loc":{"start":{"line":106,"column":9},"end":{"line":108,"column":null}},"type":"if","locations":[{"start":{"line":106,"column":9},"end":{"line":108,"column":null}}]},"19":{"loc":{"start":{"line":119,"column":9},"end":{"line":121,"column":null}},"type":"if","locations":[{"start":{"line":119,"column":9},"end":{"line":121,"column":null}}]},"20":{"loc":{"start":{"line":123,"column":9},"end":{"line":125,"column":null}},"type":"if","locations":[{"start":{"line":123,"column":9},"end":{"line":125,"column":null}}]},"21":{"loc":{"start":{"line":130,"column":29},"end":{"line":132,"column":71}},"type":"cond-expr","locations":[{"start":{"line":131,"column":14},"end":{"line":131,"column":28}},{"start":{"line":132,"column":14},"end":{"line":132,"column":71}}]},"22":{"loc":{"start":{"line":147,"column":9},"end":{"line":152,"column":null}},"type":"if","locations":[{"start":{"line":147,"column":9},"end":{"line":152,"column":null}}]},"23":{"loc":{"start":{"line":180,"column":9},"end":{"line":187,"column":null}},"type":"if","locations":[{"start":{"line":180,"column":9},"end":{"line":187,"column":null}}]},"24":{"loc":{"start":{"line":203,"column":9},"end":{"line":205,"column":null}},"type":"if","locations":[{"start":{"line":203,"column":9},"end":{"line":205,"column":null}}]},"25":{"loc":{"start":{"line":208,"column":9},"end":{"line":210,"column":null}},"type":"if","locations":[{"start":{"line":208,"column":9},"end":{"line":210,"column":null}}]},"26":{"loc":{"start":{"line":212,"column":9},"end":{"line":216,"column":null}},"type":"if","locations":[{"start":{"line":212,"column":9},"end":{"line":216,"column":null}}]},"27":{"loc":{"start":{"line":212,"column":13},"end":{"line":212,"column":44}},"type":"binary-expr","locations":[{"start":{"line":212,"column":13},"end":{"line":212,"column":25}},{"start":{"line":212,"column":29},"end":{"line":212,"column":34}},{"start":{"line":212,"column":38},"end":{"line":212,"column":44}}]},"28":{"loc":{"start":{"line":217,"column":9},"end":{"line":219,"column":null}},"type":"if","locations":[{"start":{"line":217,"column":9},"end":{"line":219,"column":null}}]},"29":{"loc":{"start":{"line":220,"column":9},"end":{"line":225,"column":null}},"type":"if","locations":[{"start":{"line":220,"column":9},"end":{"line":225,"column":null}}]},"30":{"loc":{"start":{"line":226,"column":9},"end":{"line":235,"column":null}},"type":"if","locations":[{"start":{"line":226,"column":9},"end":{"line":235,"column":null}}]},"31":{"loc":{"start":{"line":241,"column":9},"end":{"line":249,"column":null}},"type":"if","locations":[{"start":{"line":241,"column":9},"end":{"line":249,"column":null}},{"start":{"line":247,"column":16},"end":{"line":249,"column":null}}]},"32":{"loc":{"start":{"line":243,"column":12},"end":{"line":246,"column":null}},"type":"if","locations":[{"start":{"line":243,"column":12},"end":{"line":246,"column":null}}]},"33":{"loc":{"start":{"line":243,"column":16},"end":{"line":243,"column":48}},"type":"binary-expr","locations":[{"start":{"line":243,"column":16},"end":{"line":243,"column":28}},{"start":{"line":243,"column":32},"end":{"line":243,"column":48}}]}},"s":{"0":1,"1":1,"2":1,"3":1,"4":1,"5":1,"6":1,"7":1,"8":1,"9":1,"10":1,"11":1,"12":1,"13":1,"14":1,"15":1,"16":3,"17":3,"18":3,"19":3,"20":3,"21":1,"22":2,"23":2,"24":2,"25":2,"26":2,"27":1,"28":1,"29":1,"30":1,"31":2,"32":2,"33":2,"34":1,"35":2,"36":10,"37":10,"38":10,"39":10,"40":4,"41":6,"42":0,"43":0,"44":6,"45":6,"46":1,"47":5,"48":2,"49":2,"50":5,"51":5,"52":2,"53":5,"54":2,"55":5,"56":5,"57":5,"58":5,"59":5,"60":0,"61":5,"62":4,"63":4,"64":4,"65":4,"66":4,"67":1,"68":3,"69":1,"70":2,"71":2,"72":2,"73":2,"74":2,"75":1,"76":2,"77":2,"78":0,"79":0,"80":0,"81":0,"82":0,"83":0,"84":0,"85":0,"86":0,"87":0,"88":0,"89":0,"90":0,"91":0,"92":0,"93":0,"94":0,"95":0,"96":0,"97":0,"98":0,"99":0,"100":0,"101":0,"102":0,"103":0,"104":0,"105":0,"106":0,"107":0,"108":0,"109":0,"110":0,"111":0,"112":0,"113":0,"114":0,"115":0,"116":0,"117":0,"118":1},"f":{"0":3,"1":1,"2":2,"3":0,"4":10,"5":2,"6":0,"7":5,"8":0,"9":4,"10":0,"11":0,"12":0,"13":0},"b":{"0":[3,0],"1":[1],"2":[2],"3":[1],"4":[1],"5":[2],"6":[1],"7":[7,3],"8":[4],"9":[10,8],"10":[0],"11":[0],"12":[0,0],"13":[1],"14":[2],"15":[2],"16":[2],"17":[5],"18":[0],"19":[1],"20":[1],"21":[1,1],"22":[1],"23":[0],"24":[0],"25":[0],"26":[0],"27":[0,0,0],"28":[0],"29":[0],"30":[0],"31":[0,0],"32":[0],"33":[0,0]}}
,"D:\\Projects\\HRManagerment\\src\\commons\\constants\\app.const.ts": {"path":"D:\\Projects\\HRManagerment\\src\\commons\\constants\\app.const.ts","statementMap":{"0":{"start":{"line":2,"column":29},"end":{"line":2,"column":46}},"1":{"start":{"line":3,"column":32},"end":{"line":3,"column":37}},"2":{"start":{"line":4,"column":41},"end":{"line":4,"column":45}},"3":{"start":{"line":5,"column":39},"end":{"line":5,"column":41}},"4":{"start":{"line":7,"column":40},"end":{"line":7,"column":58}},"5":{"start":{"line":8,"column":37},"end":{"line":8,"column":79}},"6":{"start":{"line":1,"column":0},"end":{"line":1,"column":13}}},"fnMap":{},"branchMap":{},"s":{"0":2,"1":2,"2":2,"3":2,"4":2,"5":2,"6":2},"f":{},"b":{}}
,"D:\\Projects\\HRManagerment\\src\\configs\\app.config.ts": {"path":"D:\\Projects\\HRManagerment\\src\\configs\\app.config.ts","statementMap":{"0":{"start":{"line":1,"column":0},"end":{"line":1,"column":58}},"1":{"start":{"line":3,"column":0},"end":{"line":3,"column":46}},"2":{"start":{"line":5,"column":0},"end":{"line":5,"column":62}},"3":{"start":{"line":6,"column":0},"end":{"line":6,"column":33}},"4":{"start":{"line":9,"column":16},"end":{"line":9,"column":36}},"5":{"start":{"line":11,"column":3},"end":{"line":29,"column":null}},"6":{"start":{"line":12,"column":6},"end":{"line":14,"column":null}},"7":{"start":{"line":13,"column":9},"end":{"line":13,"column":39}},"8":{"start":{"line":15,"column":6},"end":{"line":17,"column":null}},"9":{"start":{"line":16,"column":9},"end":{"line":16,"column":39}},"10":{"start":{"line":18,"column":6},"end":{"line":20,"column":null}},"11":{"start":{"line":19,"column":9},"end":{"line":19,"column":43}},"12":{"start":{"line":21,"column":6},"end":{"line":23,"column":null}},"13":{"start":{"line":22,"column":9},"end":{"line":22,"column":46}},"14":{"start":{"line":24,"column":6},"end":{"line":26,"column":null}},"15":{"start":{"line":25,"column":9},"end":{"line":25,"column":40}},"16":{"start":{"line":28,"column":6},"end":{"line":28,"column":25}},"17":{"start":{"line":30,"column":3},"end":{"line":30,"column":14}},"18":{"start":{"line":33,"column":18},"end":{"line":35,"column":16}},"19":{"start":{"line":37,"column":0},"end":{"line":37,"column":25}}},"fnMap":{"0":{"name":"getEnv","decl":{"start":{"line":8,"column":9},"end":{"line":8,"column":15}},"loc":{"start":{"line":8,"column":15},"end":{"line":31,"column":1}}}},"branchMap":{"0":{"loc":{"start":{"line":12,"column":6},"end":{"line":14,"column":null}},"type":"if","locations":[{"start":{"line":12,"column":6},"end":{"line":14,"column":null}}]},"1":{"loc":{"start":{"line":15,"column":6},"end":{"line":17,"column":null}},"type":"if","locations":[{"start":{"line":15,"column":6},"end":{"line":17,"column":null}}]},"2":{"loc":{"start":{"line":18,"column":6},"end":{"line":20,"column":null}},"type":"if","locations":[{"start":{"line":18,"column":6},"end":{"line":20,"column":null}}]},"3":{"loc":{"start":{"line":21,"column":6},"end":{"line":23,"column":null}},"type":"if","locations":[{"start":{"line":21,"column":6},"end":{"line":23,"column":null}}]},"4":{"loc":{"start":{"line":24,"column":6},"end":{"line":26,"column":null}},"type":"if","locations":[{"start":{"line":24,"column":6},"end":{"line":26,"column":null}}]}},"s":{"0":2,"1":2,"2":2,"3":2,"4":2,"5":2,"6":2,"7":0,"8":2,"9":0,"10":2,"11":0,"12":2,"13":0,"14":2,"15":2,"16":0,"17":2,"18":2,"19":2},"f":{"0":2},"b":{"0":[0],"1":[0],"2":[0],"3":[0],"4":[2]}}
,"D:\\Projects\\HRManagerment\\src\\configs\\aws\\index.ts": {"path":"D:\\Projects\\HRManagerment\\src\\configs\\aws\\index.ts","statementMap":{"0":{"start":{"line":1,"column":0},"end":{"line":1,"column":7}},"1":{"start":{"line":4,"column":9},"end":{"line":1,"column":29}},"2":{"start":{"line":2,"column":0},"end":{"line":2,"column":7}},"3":{"start":{"line":4,"column":13},"end":{"line":2,"column":31}}},"fnMap":{},"branchMap":{},"s":{"0":1,"1":1,"2":1,"3":1},"f":{},"b":{}}
,"D:\\Projects\\HRManagerment\\src\\configs\\aws\\s3.config.ts": {"path":"D:\\Projects\\HRManagerment\\src\\configs\\aws\\s3.config.ts","statementMap":{"0":{"start":{"line":1,"column":0},"end":{"line":1,"column":41}},"1":{"start":{"line":2,"column":0},"end":{"line":2,"column":38}},"2":{"start":{"line":4,"column":17},"end":{"line":4,"column":37}},"3":{"start":{"line":6,"column":11},"end":{"line":12,"column":2}},"4":{"start":{"line":14,"column":0},"end":{"line":14,"column":18}}},"fnMap":{},"branchMap":{},"s":{"0":1,"1":1,"2":1,"3":1,"4":1},"f":{},"b":{}}
,"D:\\Projects\\HRManagerment\\src\\configs\\aws\\ses.config.ts": {"path":"D:\\Projects\\HRManagerment\\src\\configs\\aws\\ses.config.ts","statementMap":{"0":{"start":{"line":1,"column":0},"end":{"line":1,"column":43}},"1":{"start":{"line":2,"column":0},"end":{"line":2,"column":38}},"2":{"start":{"line":4,"column":18},"end":{"line":4,"column":39}},"3":{"start":{"line":6,"column":12},"end":{"line":12,"column":2}},"4":{"start":{"line":14,"column":0},"end":{"line":14,"column":19}}},"fnMap":{},"branchMap":{},"s":{"0":1,"1":1,"2":1,"3":1,"4":1},"f":{},"b":{}}
,"D:\\Projects\\HRManagerment\\src\\configs\\database\\index.ts": {"path":"D:\\Projects\\HRManagerment\\src\\configs\\database\\index.ts","statementMap":{"0":{"start":{"line":1,"column":0},"end":{"line":1,"column":52}},"1":{"start":{"line":2,"column":0},"end":{"line":2,"column":52}},"2":{"start":{"line":3,"column":0},"end":{"line":3,"column":37}},"3":{"start":{"line":14,"column":25},"end":{"line":14,"column":27}},"4":{"start":{"line":6,"column":3},"end":{"line":11,"column":null}},"5":{"start":{"line":7,"column":6},"end":{"line":7,"column":27}},"6":{"start":{"line":8,"column":6},"end":{"line":8,"column":27}},"7":{"start":{"line":10,"column":6},"end":{"line":10,"column":25}},"8":{"start":{"line":14,"column":9},"end":{"line":14,"column":23}}},"fnMap":{"0":{"name":"databaseConfig","decl":{"start":{"line":5,"column":15},"end":{"line":5,"column":29}},"loc":{"start":{"line":5,"column":29},"end":{"line":12,"column":1}}}},"branchMap":{},"s":{"0":2,"1":2,"2":2,"3":2,"4":0,"5":0,"6":0,"7":0,"8":2},"f":{"0":0},"b":{}}
,"D:\\Projects\\HRManagerment\\src\\configs\\database\\mysql\\mysql.config.ts": {"path":"D:\\Projects\\HRManagerment\\src\\configs\\database\\mysql\\mysql.config.ts","statementMap":{"0":{"start":{"line":1,"column":0},"end":{"line":1,"column":38}},"1":{"start":{"line":2,"column":0},"end":{"line":2,"column":41}},"2":{"start":{"line":4,"column":20},"end":{"line":4,"column":49}},"3":{"start":{"line":5,"column":18},"end":{"line":9,"column":2}},"4":{"start":{"line":21,"column":23},"end":{"line":21,"column":32}},"5":{"start":{"line":12,"column":3},"end":{"line":18,"column":null}},"6":{"start":{"line":13,"column":6},"end":{"line":13,"column":37}},"7":{"start":{"line":14,"column":6},"end":{"line":14,"column":49}},"8":{"start":{"line":15,"column":6},"end":{"line":15,"column":23}},"9":{"start":{"line":17,"column":6},"end":{"line":17,"column":18}},"10":{"start":{"line":21,"column":9},"end":{"line":21,"column":21}}},"fnMap":{"0":{"name":"connectMySql","decl":{"start":{"line":11,"column":15},"end":{"line":11,"column":27}},"loc":{"start":{"line":11,"column":27},"end":{"line":19,"column":1}}}},"branchMap":{},"s":{"0":2,"1":2,"2":2,"3":2,"4":2,"5":0,"6":0,"7":0,"8":0,"9":0,"10":2},"f":{"0":0},"b":{}}
,"D:\\Projects\\HRManagerment\\src\\configs\\database\\mysql\\models\\AnnualReviewForm.ts": {"path":"D:\\Projects\\HRManagerment\\src\\configs\\database\\mysql\\models\\AnnualReviewForm.ts","statementMap":{"0":{"start":{"line":1,"column":0},"end":{"line":1,"column":49}},"1":{"start":{"line":3,"column":0},"end":{"line":3,"column":61}},"2":{"start":{"line":4,"column":0},"end":{"line":4,"column":44}},"3":{"start":{"line":5,"column":0},"end":{"line":5,"column":26}},"4":{"start":{"line":15,"column":6},"end":{"line":19,"column":9}},"5":{"start":{"line":20,"column":6},"end":{"line":25,"column":9}},"6":{"start":{"line":29,"column":0},"end":{"line":58,"column":2}},"7":{"start":{"line":60,"column":0},"end":{"line":60,"column":29}},"8":{"start":{"line":62,"column":0},"end":{"line":62,"column":32}}},"fnMap":{"0":{"name":"(anonymous_0)","decl":{"start":{"line":14,"column":3},"end":{"line":14,"column":9}},"loc":{"start":{"line":14,"column":19},"end":{"line":26,"column":4}}}},"branchMap":{},"s":{"0":2,"1":2,"2":2,"3":2,"4":2,"5":2,"6":2,"7":2,"8":2},"f":{"0":2},"b":{}}
,"D:\\Projects\\HRManagerment\\src\\configs\\database\\mysql\\models\\ProbationaryForm.ts": {"path":"D:\\Projects\\HRManagerment\\src\\configs\\database\\mysql\\models\\ProbationaryForm.ts","statementMap":{"0":{"start":{"line":1,"column":0},"end":{"line":1,"column":49}},"1":{"start":{"line":3,"column":0},"end":{"line":3,"column":61}},"2":{"start":{"line":4,"column":0},"end":{"line":4,"column":71}},"3":{"start":{"line":5,"column":0},"end":{"line":5,"column":44}},"4":{"start":{"line":6,"column":0},"end":{"line":6,"column":26}},"5":{"start":{"line":17,"column":6},"end":{"line":21,"column":9}},"6":{"start":{"line":22,"column":6},"end":{"line":26,"column":9}},"7":{"start":{"line":30,"column":0},"end":{"line":59,"column":2}},"8":{"start":{"line":61,"column":0},"end":{"line":61,"column":29}},"9":{"start":{"line":63,"column":0},"end":{"line":63,"column":32}}},"fnMap":{"0":{"name":"(anonymous_0)","decl":{"start":{"line":16,"column":3},"end":{"line":16,"column":9}},"loc":{"start":{"line":16,"column":19},"end":{"line":27,"column":4}}}},"branchMap":{},"s":{"0":2,"1":2,"2":2,"3":2,"4":2,"5":2,"6":2,"7":2,"8":2,"9":2},"f":{"0":2},"b":{}}
,"D:\\Projects\\HRManagerment\\src\\configs\\database\\mysql\\models\\form.ts": {"path":"D:\\Projects\\HRManagerment\\src\\configs\\database\\mysql\\models\\form.ts","statementMap":{"0":{"start":{"line":1,"column":0},"end":{"line":1,"column":45}},"1":{"start":{"line":3,"column":0},"end":{"line":3,"column":98}},"2":{"start":{"line":4,"column":0},"end":{"line":4,"column":44}},"3":{"start":{"line":5,"column":0},"end":{"line":5,"column":26}},"4":{"start":{"line":18,"column":6},"end":{"line":22,"column":9}},"5":{"start":{"line":23,"column":6},"end":{"line":27,"column":9}},"6":{"start":{"line":28,"column":6},"end":{"line":32,"column":9}},"7":{"start":{"line":33,"column":6},"end":{"line":37,"column":9}},"8":{"start":{"line":41,"column":0},"end":{"line":85,"column":2}},"9":{"start":{"line":55,"column":15},"end":{"line":55,"column":52}},"10":{"start":{"line":87,"column":0},"end":{"line":87,"column":17}},"11":{"start":{"line":89,"column":0},"end":{"line":89,"column":20}}},"fnMap":{"0":{"name":"(anonymous_0)","decl":{"start":{"line":17,"column":3},"end":{"line":17,"column":9}},"loc":{"start":{"line":17,"column":19},"end":{"line":38,"column":4}}},"1":{"name":"(anonymous_1)","decl":{"start":{"line":54,"column":38},"end":{"line":54,"column":39}},"loc":{"start":{"line":54,"column":46},"end":{"line":56,"column":13}}}},"branchMap":{},"s":{"0":2,"1":2,"2":2,"3":2,"4":2,"5":2,"6":2,"7":2,"8":2,"9":8,"10":2,"11":2},"f":{"0":2,"1":8},"b":{}}
,"D:\\Projects\\HRManagerment\\src\\configs\\database\\mysql\\models\\formStore.ts": {"path":"D:\\Projects\\HRManagerment\\src\\configs\\database\\mysql\\models\\formStore.ts","statementMap":{"0":{"start":{"line":1,"column":0},"end":{"line":1,"column":56}},"1":{"start":{"line":3,"column":0},"end":{"line":3,"column":null}},"2":{"start":{"line":10,"column":0},"end":{"line":10,"column":44}},"3":{"start":{"line":11,"column":0},"end":{"line":11,"column":26}},"4":{"start":{"line":12,"column":0},"end":{"line":12,"column":26}},"5":{"start":{"line":29,"column":6},"end":{"line":33,"column":9}},"6":{"start":{"line":34,"column":6},"end":{"line":38,"column":9}},"7":{"start":{"line":39,"column":6},"end":{"line":43,"column":9}},"8":{"start":{"line":44,"column":6},"end":{"line":48,"column":9}},"9":{"start":{"line":52,"column":0},"end":{"line":93,"column":2}},"10":{"start":{"line":95,"column":0},"end":{"line":95,"column":22}},"11":{"start":{"line":97,"column":0},"end":{"line":97,"column":25}}},"fnMap":{"0":{"name":"(anonymous_0)","decl":{"start":{"line":28,"column":3},"end":{"line":28,"column":9}},"loc":{"start":{"line":28,"column":19},"end":{"line":49,"column":4}}}},"branchMap":{},"s":{"0":2,"1":2,"2":2,"3":2,"4":2,"5":2,"6":2,"7":2,"8":2,"9":2,"10":2,"11":2},"f":{"0":2},"b":{}}
,"D:\\Projects\\HRManagerment\\src\\configs\\database\\mysql\\models\\index.ts": {"path":"D:\\Projects\\HRManagerment\\src\\configs\\database\\mysql\\models\\index.ts","statementMap":{"0":{"start":{"line":1,"column":0},"end":{"line":1,"column":7}},"1":{"start":{"line":73,"column":9},"end":{"line":1,"column":26}},"2":{"start":{"line":2,"column":0},"end":{"line":2,"column":7}},"3":{"start":{"line":73,"column":15},"end":{"line":2,"column":26}},"4":{"start":{"line":3,"column":0},"end":{"line":3,"column":7}},"5":{"start":{"line":73,"column":21},"end":{"line":3,"column":50}},"6":{"start":{"line":4,"column":0},"end":{"line":4,"column":7}},"7":{"start":{"line":73,"column":39},"end":{"line":4,"column":50}},"8":{"start":{"line":5,"column":0},"end":{"line":5,"column":7}},"9":{"start":{"line":73,"column":57},"end":{"line":5,"column":36}},"10":{"start":{"line":6,"column":0},"end":{"line":6,"column":94}},"11":{"start":{"line":7,"column":0},"end":{"line":7,"column":null}},"12":{"start":{"line":13,"column":0},"end":{"line":41,"column":3}},"13":{"start":{"line":43,"column":0},"end":{"line":71,"column":3}}},"fnMap":{},"branchMap":{},"s":{"0":2,"1":2,"2":2,"3":2,"4":2,"5":2,"6":2,"7":2,"8":2,"9":2,"10":2,"11":2,"12":2,"13":2},"f":{},"b":{}}
,"D:\\Projects\\HRManagerment\\src\\configs\\database\\mysql\\models\\user.ts": {"path":"D:\\Projects\\HRManagerment\\src\\configs\\database\\mysql\\models\\user.ts","statementMap":{"0":{"start":{"line":1,"column":0},"end":{"line":1,"column":60}},"1":{"start":{"line":3,"column":0},"end":{"line":3,"column":58}},"2":{"start":{"line":4,"column":0},"end":{"line":4,"column":71}},"3":{"start":{"line":5,"column":0},"end":{"line":5,"column":44}},"4":{"start":{"line":6,"column":0},"end":{"line":6,"column":44}},"5":{"start":{"line":28,"column":6},"end":{"line":32,"column":9}},"6":{"start":{"line":36,"column":0},"end":{"line":116,"column":2}},"7":{"start":{"line":60,"column":12},"end":{"line":60,"column":56}},"8":{"start":{"line":70,"column":12},"end":{"line":72,"column":null}},"9":{"start":{"line":71,"column":15},"end":{"line":71,"column":27}},"10":{"start":{"line":73,"column":12},"end":{"line":73,"column":92}},"11":{"start":{"line":89,"column":12},"end":{"line":89,"column":78}},"12":{"start":{"line":118,"column":0},"end":{"line":118,"column":17}},"13":{"start":{"line":120,"column":0},"end":{"line":120,"column":20}}},"fnMap":{"0":{"name":"(anonymous_0)","decl":{"start":{"line":27,"column":3},"end":{"line":27,"column":9}},"loc":{"start":{"line":27,"column":19},"end":{"line":33,"column":4}}},"1":{"name":"(anonymous_1)","decl":{"start":{"line":59,"column":9},"end":{"line":59,"column":12}},"loc":{"start":{"line":59,"column":12},"end":{"line":61,"column":10}}},"2":{"name":"(anonymous_2)","decl":{"start":{"line":69,"column":9},"end":{"line":69,"column":12}},"loc":{"start":{"line":69,"column":12},"end":{"line":74,"column":10}}},"3":{"name":"(anonymous_3)","decl":{"start":{"line":88,"column":9},"end":{"line":88,"column":12}},"loc":{"start":{"line":88,"column":29},"end":{"line":90,"column":10}}}},"branchMap":{"0":{"loc":{"start":{"line":70,"column":12},"end":{"line":72,"column":null}},"type":"if","locations":[{"start":{"line":70,"column":12},"end":{"line":72,"column":null}}]}},"s":{"0":2,"1":2,"2":2,"3":2,"4":2,"5":2,"6":2,"7":4,"8":4,"9":0,"10":4,"11":0,"12":2,"13":2},"f":{"0":2,"1":4,"2":4,"3":0},"b":{"0":[0]}}
,"D:\\Projects\\HRManagerment\\src\\configs\\database\\redis\\redisConnect.ts": {"path":"D:\\Projects\\HRManagerment\\src\\configs\\database\\redis\\redisConnect.ts","statementMap":{"0":{"start":{"line":1,"column":0},"end":{"line":1,"column":57}},"1":{"start":{"line":2,"column":0},"end":{"line":2,"column":41}},"2":{"start":{"line":4,"column":20},"end":{"line":4,"column":49}},"3":{"start":{"line":6,"column":48},"end":{"line":12,"column":2}},"4":{"start":{"line":14,"column":0},"end":{"line":17,"column":null}},"5":{"start":{"line":15,"column":3},"end":{"line":15,"column":55}},"6":{"start":{"line":16,"column":3},"end":{"line":16,"column":55}},"7":{"start":{"line":19,"column":20},"end":{"line":19,"column":53}},"8":{"start":{"line":38,"column":23},"end":{"line":38,"column":34}},"9":{"start":{"line":22,"column":3},"end":{"line":24,"column":6}},"10":{"start":{"line":23,"column":6},"end":{"line":23,"column":56}},"11":{"start":{"line":26,"column":3},"end":{"line":30,"column":6}},"12":{"start":{"line":27,"column":6},"end":{"line":29,"column":9}},"13":{"start":{"line":28,"column":9},"end":{"line":28,"column":57}},"14":{"start":{"line":32,"column":3},"end":{"line":34,"column":6}},"15":{"start":{"line":33,"column":6},"end":{"line":33,"column":33}},"16":{"start":{"line":35,"column":3},"end":{"line":35,"column":31}},"17":{"start":{"line":38,"column":9},"end":{"line":38,"column":21}}},"fnMap":{"0":{"name":"redisConnect","decl":{"start":{"line":21,"column":15},"end":{"line":21,"column":27}},"loc":{"start":{"line":21,"column":27},"end":{"line":36,"column":1}}},"1":{"name":"(anonymous_1)","decl":{"start":{"line":22,"column":27},"end":{"line":22,"column":28}},"loc":{"start":{"line":22,"column":35},"end":{"line":24,"column":4}}},"2":{"name":"(anonymous_2)","decl":{"start":{"line":26,"column":29},"end":{"line":26,"column":32}},"loc":{"start":{"line":26,"column":34},"end":{"line":30,"column":4}}},"3":{"name":"(anonymous_3)","decl":{"start":{"line":27,"column":36},"end":{"line":27,"column":37}},"loc":{"start":{"line":27,"column":45},"end":{"line":29,"column":7}}},"4":{"name":"(anonymous_4)","decl":{"start":{"line":32,"column":27},"end":{"line":32,"column":30}},"loc":{"start":{"line":32,"column":32},"end":{"line":34,"column":4}}}},"branchMap":{"0":{"loc":{"start":{"line":14,"column":0},"end":{"line":17,"column":null}},"type":"if","locations":[{"start":{"line":14,"column":0},"end":{"line":17,"column":null}}]},"1":{"loc":{"start":{"line":14,"column":4},"end":{"line":14,"column":48}},"type":"binary-expr","locations":[{"start":{"line":14,"column":4},"end":{"line":14,"column":24}},{"start":{"line":14,"column":28},"end":{"line":14,"column":48}}]}},"s":{"0":2,"1":2,"2":2,"3":2,"4":2,"5":2,"6":2,"7":2,"8":2,"9":0,"10":0,"11":0,"12":0,"13":0,"14":0,"15":0,"16":0,"17":2},"f":{"0":0,"1":0,"2":0,"3":0,"4":0},"b":{"0":[2],"1":[2,2]}}
,"D:\\Projects\\HRManagerment\\src\\libs\\authentication\\token.lib.ts": {"path":"D:\\Projects\\HRManagerment\\src\\libs\\authentication\\token.lib.ts","statementMap":{"0":{"start":{"line":1,"column":0},"end":{"line":1,"column":49}},"1":{"start":{"line":2,"column":0},"end":{"line":2,"column":53}},"2":{"start":{"line":3,"column":0},"end":{"line":3,"column":36}},"3":{"start":{"line":4,"column":0},"end":{"line":4,"column":53}},"4":{"start":{"line":7,"column":0},"end":{"line":7,"column":45}},"5":{"start":{"line":8,"column":0},"end":{"line":8,"column":44}},"6":{"start":{"line":9,"column":0},"end":{"line":9,"column":44}},"7":{"start":{"line":13,"column":24},"end":{"line":13,"column":50}},"8":{"start":{"line":15,"column":22},"end":{"line":15,"column":62}},"9":{"start":{"line":16,"column":6},"end":{"line":34,"column":null}},"10":{"start":{"line":17,"column":9},"end":{"line":30,"column":null}},"11":{"start":{"line":19,"column":15},"end":{"line":21,"column":18}},"12":{"start":{"line":22,"column":15},"end":{"line":22,"column":21}},"13":{"start":{"line":24,"column":15},"end":{"line":26,"column":18}},"14":{"start":{"line":27,"column":15},"end":{"line":27,"column":21}},"15":{"start":{"line":29,"column":15},"end":{"line":29,"column":67}},"16":{"start":{"line":31,"column":9},"end":{"line":31,"column":22}},"17":{"start":{"line":33,"column":9},"end":{"line":33,"column":21}},"18":{"start":{"line":38,"column":24},"end":{"line":38,"column":50}},"19":{"start":{"line":40,"column":6},"end":{"line":70,"column":null}},"20":{"start":{"line":41,"column":9},"end":{"line":50,"column":null}},"21":{"start":{"line":43,"column":15},"end":{"line":43,"column":74}},"22":{"start":{"line":44,"column":15},"end":{"line":44,"column":21}},"23":{"start":{"line":46,"column":15},"end":{"line":46,"column":75}},"24":{"start":{"line":47,"column":15},"end":{"line":47,"column":21}},"25":{"start":{"line":49,"column":15},"end":{"line":49,"column":67}},"26":{"start":{"line":52,"column":21},"end":{"line":56,"column":11}},"27":{"start":{"line":57,"column":9},"end":{"line":60,"column":null}},"28":{"start":{"line":58,"column":12},"end":{"line":58,"column":50}},"29":{"start":{"line":59,"column":12},"end":{"line":59,"column":22}},"30":{"start":{"line":61,"column":9},"end":{"line":65,"column":null}},"31":{"start":{"line":62,"column":12},"end":{"line":62,"column":43}},"32":{"start":{"line":63,"column":12},"end":{"line":63,"column":48}},"33":{"start":{"line":64,"column":12},"end":{"line":64,"column":22}},"34":{"start":{"line":66,"column":9},"end":{"line":66,"column":49}},"35":{"start":{"line":67,"column":9},"end":{"line":67,"column":45}},"36":{"start":{"line":68,"column":9},"end":{"line":68,"column":57}},"37":{"start":{"line":69,"column":9},"end":{"line":69,"column":19}},"38":{"start":{"line":71,"column":6},"end":{"line":71,"column":38}},"39":{"start":{"line":75,"column":25},"end":{"line":75,"column":61}},"40":{"start":{"line":76,"column":6},"end":{"line":78,"column":null}},"41":{"start":{"line":77,"column":9},"end":{"line":77,"column":21}},"42":{"start":{"line":79,"column":6},"end":{"line":82,"column":8}},"43":{"start":{"line":86,"column":6},"end":{"line":91,"column":null}},"44":{"start":{"line":87,"column":25},"end":{"line":87,"column":51}},"45":{"start":{"line":88,"column":9},"end":{"line":88,"column":41}},"46":{"start":{"line":90,"column":9},"end":{"line":90,"column":21}},"47":{"start":{"line":95,"column":0},"end":{"line":95,"column":24}}},"fnMap":{"0":{"name":"(anonymous_0)","decl":{"start":{"line":12,"column":3},"end":{"line":12,"column":9}},"loc":{"start":{"line":12,"column":49},"end":{"line":35,"column":4}}},"1":{"name":"(anonymous_1)","decl":{"start":{"line":37,"column":3},"end":{"line":37,"column":9}},"loc":{"start":{"line":37,"column":52},"end":{"line":72,"column":4}}},"2":{"name":"(anonymous_2)","decl":{"start":{"line":74,"column":3},"end":{"line":74,"column":9}},"loc":{"start":{"line":74,"column":31},"end":{"line":83,"column":4}}},"3":{"name":"(anonymous_3)","decl":{"start":{"line":85,"column":3},"end":{"line":85,"column":9}},"loc":{"start":{"line":85,"column":64},"end":{"line":92,"column":4}}}},"branchMap":{"0":{"loc":{"start":{"line":17,"column":9},"end":{"line":30,"column":null}},"type":"switch","locations":[{"start":{"line":18,"column":12},"end":{"line":22,"column":21}},{"start":{"line":23,"column":12},"end":{"line":27,"column":21}},{"start":{"line":28,"column":12},"end":{"line":29,"column":67}}]},"1":{"loc":{"start":{"line":41,"column":9},"end":{"line":50,"column":null}},"type":"switch","locations":[{"start":{"line":42,"column":12},"end":{"line":44,"column":21}},{"start":{"line":45,"column":12},"end":{"line":47,"column":21}},{"start":{"line":48,"column":12},"end":{"line":49,"column":67}}]},"2":{"loc":{"start":{"line":57,"column":9},"end":{"line":60,"column":null}},"type":"if","locations":[{"start":{"line":57,"column":9},"end":{"line":60,"column":null}}]},"3":{"loc":{"start":{"line":61,"column":9},"end":{"line":65,"column":null}},"type":"if","locations":[{"start":{"line":61,"column":9},"end":{"line":65,"column":null}}]},"4":{"loc":{"start":{"line":68,"column":23},"end":{"line":68,"column":56}},"type":"binary-expr","locations":[{"start":{"line":68,"column":23},"end":{"line":68,"column":37}},{"start":{"line":68,"column":41},"end":{"line":68,"column":56}}]},"5":{"loc":{"start":{"line":76,"column":6},"end":{"line":78,"column":null}},"type":"if","locations":[{"start":{"line":76,"column":6},"end":{"line":78,"column":null}}]}},"s":{"0":1,"1":1,"2":1,"3":1,"4":1,"5":1,"6":1,"7":0,"8":0,"9":0,"10":0,"11":0,"12":0,"13":0,"14":0,"15":0,"16":0,"17":0,"18":0,"19":0,"20":0,"21":0,"22":0,"23":0,"24":0,"25":0,"26":0,"27":0,"28":0,"29":0,"30":0,"31":0,"32":0,"33":0,"34":0,"35":0,"36":0,"37":0,"38":0,"39":0,"40":0,"41":0,"42":0,"43":0,"44":0,"45":0,"46":0,"47":1},"f":{"0":0,"1":0,"2":0,"3":0},"b":{"0":[0,0,0],"1":[0,0,0],"2":[0],"3":[0],"4":[0,0],"5":[0]}}
,"D:\\Projects\\HRManagerment\\src\\libs\\aws\\index.ts": {"path":"D:\\Projects\\HRManagerment\\src\\libs\\aws\\index.ts","statementMap":{"0":{"start":{"line":1,"column":0},"end":{"line":1,"column":7}},"1":{"start":{"line":4,"column":9},"end":{"line":1,"column":29}},"2":{"start":{"line":2,"column":0},"end":{"line":2,"column":7}},"3":{"start":{"line":4,"column":16},"end":{"line":2,"column":31}}},"fnMap":{},"branchMap":{},"s":{"0":1,"1":1,"2":1,"3":1},"f":{},"b":{}}
,"D:\\Projects\\HRManagerment\\src\\libs\\aws\\s3.lib.ts": {"path":"D:\\Projects\\HRManagerment\\src\\libs\\aws\\s3.lib.ts","statementMap":{"0":{"start":{"line":1,"column":0},"end":{"line":1,"column":25}},"1":{"start":{"line":2,"column":0},"end":{"line":2,"column":45}},"2":{"start":{"line":4,"column":0},"end":{"line":4,"column":49}},"3":{"start":{"line":6,"column":17},"end":{"line":6,"column":37}},"4":{"start":{"line":10,"column":25},"end":{"line":10,"column":55}},"5":{"start":{"line":11,"column":52},"end":{"line":17,"column":8}},"6":{"start":{"line":18,"column":45},"end":{"line":21,"column":8}},"7":{"start":{"line":22,"column":6},"end":{"line":27,"column":null}},"8":{"start":{"line":23,"column":21},"end":{"line":23,"column":60}},"9":{"start":{"line":24,"column":9},"end":{"line":24,"column":20}},"10":{"start":{"line":26,"column":9},"end":{"line":26,"column":21}},"11":{"start":{"line":30,"column":6},"end":{"line":39,"column":null}},"12":{"start":{"line":31,"column":49},"end":{"line":34,"column":11}},"13":{"start":{"line":35,"column":28},"end":{"line":35,"column":74}},"14":{"start":{"line":36,"column":9},"end":{"line":36,"column":27}},"15":{"start":{"line":38,"column":9},"end":{"line":38,"column":21}},"16":{"start":{"line":42,"column":6},"end":{"line":51,"column":null}},"17":{"start":{"line":43,"column":52},"end":{"line":46,"column":11}},"18":{"start":{"line":47,"column":21},"end":{"line":47,"column":67}},"19":{"start":{"line":48,"column":9},"end":{"line":48,"column":20}},"20":{"start":{"line":50,"column":9},"end":{"line":50,"column":21}},"21":{"start":{"line":55,"column":0},"end":{"line":55,"column":21}}},"fnMap":{"0":{"name":"(anonymous_0)","decl":{"start":{"line":9,"column":10},"end":{"line":9,"column":16}},"loc":{"start":{"line":9,"column":95},"end":{"line":28,"column":4}}},"1":{"name":"(anonymous_1)","decl":{"start":{"line":29,"column":10},"end":{"line":29,"column":16}},"loc":{"start":{"line":29,"column":42},"end":{"line":40,"column":4}}},"2":{"name":"(anonymous_2)","decl":{"start":{"line":41,"column":10},"end":{"line":41,"column":16}},"loc":{"start":{"line":41,"column":45},"end":{"line":52,"column":4}}}},"branchMap":{},"s":{"0":1,"1":1,"2":1,"3":1,"4":0,"5":0,"6":0,"7":0,"8":0,"9":0,"10":0,"11":0,"12":0,"13":0,"14":0,"15":0,"16":0,"17":0,"18":0,"19":0,"20":0,"21":1},"f":{"0":0,"1":0,"2":0},"b":{}}
,"D:\\Projects\\HRManagerment\\src\\libs\\aws\\ses.lib.ts": {"path":"D:\\Projects\\HRManagerment\\src\\libs\\aws\\ses.lib.ts","statementMap":{"0":{"start":{"line":1,"column":0},"end":{"line":1,"column":40}},"1":{"start":{"line":7,"column":6},"end":{"line":7,"column":33}},"2":{"start":{"line":8,"column":6},"end":{"line":13,"column":null}},"3":{"start":{"line":9,"column":21},"end":{"line":9,"column":65}},"4":{"start":{"line":10,"column":9},"end":{"line":10,"column":20}},"5":{"start":{"line":12,"column":9},"end":{"line":12,"column":21}},"6":{"start":{"line":16,"column":46},"end":{"line":30,"column":8}},"7":{"start":{"line":31,"column":6},"end":{"line":31,"column":27}},"8":{"start":{"line":35,"column":0},"end":{"line":35,"column":22}}},"fnMap":{"0":{"name":"(anonymous_0)","decl":{"start":{"line":6,"column":10},"end":{"line":6,"column":16}},"loc":{"start":{"line":6,"column":63},"end":{"line":14,"column":4}}},"1":{"name":"(anonymous_1)","decl":{"start":{"line":15,"column":10},"end":{"line":15,"column":16}},"loc":{"start":{"line":15,"column":59},"end":{"line":32,"column":4}}}},"branchMap":{},"s":{"0":1,"1":0,"2":0,"3":0,"4":0,"5":0,"6":0,"7":0,"8":1},"f":{"0":0,"1":0},"b":{}}
,"D:\\Projects\\HRManagerment\\src\\libs\\database\\mysql\\form.lib.ts": {"path":"D:\\Projects\\HRManagerment\\src\\libs\\database\\mysql\\form.lib.ts","statementMap":{"0":{"start":{"line":3,"column":0},"end":{"line":3,"column":47}},"1":{"start":{"line":4,"column":0},"end":{"line":4,"column":73}},"2":{"start":{"line":5,"column":0},"end":{"line":5,"column":56}},"3":{"start":{"line":7,"column":0},"end":{"line":7,"column":56}},"4":{"start":{"line":11,"column":6},"end":{"line":25,"column":null}},"5":{"start":{"line":12,"column":29},"end":{"line":20,"column":11}},"6":{"start":{"line":21,"column":9},"end":{"line":21,"column":28}},"7":{"start":{"line":23,"column":21},"end":{"line":23,"column":82}},"8":{"start":{"line":24,"column":9},"end":{"line":24,"column":19}},"9":{"start":{"line":29,"column":16},"end":{"line":29,"column":63}},"10":{"start":{"line":30,"column":6},"end":{"line":47,"column":null}},"11":{"start":{"line":31,"column":29},"end":{"line":39,"column":11}},"12":{"start":{"line":40,"column":9},"end":{"line":40,"column":26}},"13":{"start":{"line":41,"column":9},"end":{"line":41,"column":28}},"14":{"start":{"line":43,"column":9},"end":{"line":43,"column":28}},"15":{"start":{"line":44,"column":9},"end":{"line":44,"column":28}},"16":{"start":{"line":45,"column":21},"end":{"line":45,"column":82}},"17":{"start":{"line":46,"column":9},"end":{"line":46,"column":19}},"18":{"start":{"line":62,"column":6},"end":{"line":88,"column":null}},"19":{"start":{"line":63,"column":45},"end":{"line":63,"column":47}},"20":{"start":{"line":64,"column":9},"end":{"line":71,"column":null}},"21":{"start":{"line":65,"column":12},"end":{"line":70,"column":14}},"22":{"start":{"line":72,"column":22},"end":{"line":72,"column":91}},"23":{"start":{"line":73,"column":9},"end":{"line":80,"column":null}},"24":{"start":{"line":74,"column":28},"end":{"line":74,"column":58}},"25":{"start":{"line":75,"column":12},"end":{"line":79,"column":null}},"26":{"start":{"line":76,"column":15},"end":{"line":76,"column":71}},"27":{"start":{"line":78,"column":15},"end":{"line":78,"column":34}},"28":{"start":{"line":81,"column":9},"end":{"line":81,"column":41}},"29":{"start":{"line":82,"column":29},"end":{"line":82,"column":46}},"30":{"start":{"line":83,"column":9},"end":{"line":83,"column":53}},"31":{"start":{"line":84,"column":9},"end":{"line":84,"column":28}},"32":{"start":{"line":86,"column":21},"end":{"line":86,"column":82}},"33":{"start":{"line":87,"column":9},"end":{"line":87,"column":19}},"34":{"start":{"line":103,"column":26},"end":{"line":103,"column":92}},"35":{"start":{"line":104,"column":6},"end":{"line":155,"column":null}},"36":{"start":{"line":105,"column":45},"end":{"line":108,"column":11}},"37":{"start":{"line":109,"column":9},"end":{"line":116,"column":null}},"38":{"start":{"line":110,"column":12},"end":{"line":115,"column":14}},"39":{"start":{"line":117,"column":28},"end":{"line":117,"column":88}},"40":{"start":{"line":133,"column":9},"end":{"line":148,"column":null}},"41":{"start":{"line":134,"column":12},"end":{"line":141,"column":null}},"42":{"start":{"line":135,"column":31},"end":{"line":135,"column":66}},"43":{"start":{"line":136,"column":15},"end":{"line":140,"column":null}},"44":{"start":{"line":137,"column":18},"end":{"line":137,"column":70}},"45":{"start":{"line":139,"column":18},"end":{"line":139,"column":42}},"46":{"start":{"line":142,"column":12},"end":{"line":142,"column":49}},"47":{"start":{"line":143,"column":12},"end":{"line":143,"column":79}},"48":{"start":{"line":144,"column":12},"end":{"line":147,"column":15}},"49":{"start":{"line":149,"column":9},"end":{"line":149,"column":36}},"50":{"start":{"line":150,"column":9},"end":{"line":150,"column":27}},"51":{"start":{"line":152,"column":9},"end":{"line":152,"column":38}},"52":{"start":{"line":153,"column":21},"end":{"line":153,"column":82}},"53":{"start":{"line":154,"column":9},"end":{"line":154,"column":19}},"54":{"start":{"line":163,"column":6},"end":{"line":181,"column":null}},"55":{"start":{"line":164,"column":45},"end":{"line":168,"column":11}},"56":{"start":{"line":169,"column":9},"end":{"line":176,"column":null}},"57":{"start":{"line":170,"column":12},"end":{"line":175,"column":14}},"58":{"start":{"line":177,"column":23},"end":{"line":177,"column":77}},"59":{"start":{"line":178,"column":9},"end":{"line":178,"column":22}},"60":{"start":{"line":180,"column":9},"end":{"line":180,"column":21}},"61":{"start":{"line":190,"column":6},"end":{"line":204,"column":null}},"62":{"start":{"line":191,"column":60},"end":{"line":191,"column":62}},"63":{"start":{"line":192,"column":9},"end":{"line":199,"column":null}},"64":{"start":{"line":193,"column":12},"end":{"line":198,"column":14}},"65":{"start":{"line":200,"column":23},"end":{"line":200,"column":86}},"66":{"start":{"line":201,"column":9},"end":{"line":201,"column":22}},"67":{"start":{"line":203,"column":9},"end":{"line":203,"column":21}},"68":{"start":{"line":208,"column":0},"end":{"line":208,"column":23}}},"fnMap":{"0":{"name":"(anonymous_0)","decl":{"start":{"line":10,"column":10},"end":{"line":10,"column":16}},"loc":{"start":{"line":10,"column":69},"end":{"line":26,"column":4}}},"1":{"name":"(anonymous_1)","decl":{"start":{"line":28,"column":10},"end":{"line":28,"column":16}},"loc":{"start":{"line":28,"column":73},"end":{"line":48,"column":4}}},"2":{"name":"(anonymous_2)","decl":{"start":{"line":56,"column":10},"end":{"line":56,"column":16}},"loc":{"start":{"line":60,"column":31},"end":{"line":89,"column":4}}},"3":{"name":
[...]
":47,"column":15},"end":{"line":47,"column":19}},{"start":{"line":47,"column":23},"end":{"line":47,"column":44}}]},"6":{"loc":{"start":{"line":56,"column":15},"end":{"line":56,"column":44}},"type":"binary-expr","locations":[{"start":{"line":56,"column":15},"end":{"line":56,"column":19}},{"start":{"line":56,"column":23},"end":{"line":56,"column":44}}]},"7":{"loc":{"start":{"line":66,"column":15},"end":{"line":66,"column":44}},"type":"binary-expr","locations":[{"start":{"line":66,"column":15},"end":{"line":66,"column":19}},{"start":{"line":66,"column":23},"end":{"line":66,"column":44}}]},"8":{"loc":{"start":{"line":76,"column":15},"end":{"line":76,"column":44}},"type":"binary-expr","locations":[{"start":{"line":76,"column":15},"end":{"line":76,"column":19}},{"start":{"line":76,"column":23},"end":{"line":76,"column":44}}]},"9":{"loc":{"start":{"line":86,"column":15},"end":{"line":86,"column":45}},"type":"binary-expr","locations":[{"start":{"line":86,"column":15},"end":{"line":86,"column":19}},{"start":{"line":86,"column":23},"end":{"line":86,"column":45}}]},"10":{"loc":{"start":{"line":115,"column":15},"end":{"line":115,"column":46}},"type":"binary-expr","locations":[{"start":{"line":115,"column":15},"end":{"line":115,"column":19}},{"start":{"line":115,"column":23},"end":{"line":115,"column":46}}]},"11":{"loc":{"start":{"line":117,"column":18},"end":{"line":117,"column":49}},"type":"binary-expr","locations":[{"start":{"line":117,"column":18},"end":{"line":117,"column":25}},{"start":{"line":117,"column":29},"end":{"line":117,"column":49}}]}},"s":{"0":2,"1":2,"2":2,"3":29,"4":29,"5":29,"6":29,"7":29,"8":0,"9":0,"10":0,"11":0,"12":6,"13":6,"14":12,"15":12,"16":2,"17":2,"18":8,"19":8,"20":0,"21":0,"22":0,"23":0,"24":1,"25":1,"26":0,"27":0,"28":0,"29":0,"30":2},"f":{"0":29,"1":0,"2":0,"3":0,"4":0,"5":6,"6":12,"7":2,"8":8,"9":0,"10":0,"11":1,"12":0,"13":0},"b":{"0":[29,0],"1":[29,0],"2":[29,0],"3":[29,0],"4":[6,6],"5":[12,12],"6":[2,2],"7":[8,8],"8":[0,0],"9":[0,0],"10":[0,0],"11":[0,0]}}
,"D:\\Projects\\HRManagerment\\src\\libs\\error\\typeError.ts": {"path":"D:\\Projects\\HRManagerment\\src\\libs\\error\\typeError.ts","statementMap":{"0":{"start":{"line":1,"column":0},"end":{"line":1,"column":null}},"1":{"start":{"line":2,"column":3},"end":{"line":2,"column":null}},"2":{"start":{"line":3,"column":3},"end":{"line":3,"column":null}},"3":{"start":{"line":4,"column":3},"end":{"line":4,"column":null}},"4":{"start":{"line":5,"column":3},"end":{"line":5,"column":null}},"5":{"start":{"line":6,"column":3},"end":{"line":6,"column":null}},"6":{"start":{"line":9,"column":0},"end":{"line":9,"column":26}}},"fnMap":{"0":{"name":"(anonymous_0)","decl":{"start":{"line":1,"column":0},"end":{"line":1,"column":5}},"loc":{"start":{"line":1,"column":15},"end":{"line":7,"column":1}}}},"branchMap":{"0":{"loc":{"start":{"line":1,"column":5},"end":{"line":1,"column":null}},"type":"binary-expr","locations":[{"start":{"line":1,"column":5},"end":{"line":1,"column":15}},{"start":{"line":1,"column":5},"end":{"line":1,"column":null}}]}},"s":{"0":2,"1":2,"2":2,"3":2,"4":2,"5":2,"6":2},"f":{"0":2},"b":{"0":[2,2]}}
,"D:\\Projects\\HRManagerment\\src\\libs\\fileHandle\\file.lib.ts": {"path":"D:\\Projects\\HRManagerment\\src\\libs\\fileHandle\\file.lib.ts","statementMap":{"0":{"start":{"line":1,"column":0},"end":{"line":1,"column":25}},"1":{"start":{"line":5,"column":6},"end":{"line":12,"column":9}},"2":{"start":{"line":6,"column":9},"end":{"line":11,"column":12}},"3":{"start":{"line":7,"column":12},"end":{"line":9,"column":null}},"4":{"start":{"line":8,"column":15},"end":{"line":8,"column":27}},"5":{"start":{"line":10,"column":12},"end":{"line":10,"column":30}},"6":{"start":{"line":16,"column":0},"end":{"line":16,"column":23}}},"fnMap":{"0":{"name":"(anonymous_0)","decl":{"start":{"line":4,"column":10},"end":{"line":4,"column":16}},"loc":{"start":{"line":4,"column":50},"end":{"line":13,"column":4}}},"1":{"name":"(anonymous_1)","decl":{"start":{"line":5,"column":25},"end":{"line":5,"column":26}},"loc":{"start":{"line":5,"column":45},"end":{"line":12,"column":7}}},"2":{"name":"(anonymous_2)","decl":{"start":{"line":6,"column":29},"end":{"line":6,"column":30}},"loc":{"start":{"line":6,"column":37},"end":{"line":11,"column":10}}}},"branchMap":{"0":{"loc":{"start":{"line":7,"column":12},"end":{"line":9,"column":null}},"type":"if","locations":[{"start":{"line":7,"column":12},"end":{"line":9,"column":null}}]}},"s":{"0":1,"1":0,"2":0,"3":0,"4":0,"5":0,"6":1},"f":{"0":0,"1":0,"2":0},"b":{"0":[0]}}
,"D:\\Projects\\HRManagerment\\src\\libs\\hash\\bscrypt.lib.ts": {"path":"D:\\Projects\\HRManagerment\\src\\libs\\hash\\bscrypt.lib.ts","statementMap":{"0":{"start":{"line":1,"column":0},"end":{"line":1,"column":34}},"1":{"start":{"line":2,"column":0},"end":{"line":2,"column":61}},"2":{"start":{"line":6,"column":6},"end":{"line":11,"column":null}},"3":{"start":{"line":7,"column":28},"end":{"line":7,"column":84}},"4":{"start":{"line":8,"column":9},"end":{"line":8,"column":27}},"5":{"start":{"line":10,"column":9},"end":{"line":10,"column":21}},"6":{"start":{"line":15,"column":6},"end":{"line":20,"column":null}},"7":{"start":{"line":16,"column":28},"end":{"line":16,"column":82}},"8":{"start":{"line":17,"column":9},"end":{"line":17,"column":27}},"9":{"start":{"line":19,"column":9},"end":{"line":19,"column":21}},"10":{"start":{"line":23,"column":6},"end":{"line":28,"column":null}},"11":{"start":{"line":24,"column":25},"end":{"line":24,"column":67}},"12":{"start":{"line":25,"column":9},"end":{"line":25,"column":24}},"13":{"start":{"line":27,"column":9},"end":{"line":27,"column":21}},"14":{"start":{"line":32,"column":0},"end":{"line":32,"column":25}}},"fnMap":{"0":{"name":"(anonymous_0)","decl":{"start":{"line":5,"column":3},"end":{"line":5,"column":9}},"loc":{"start":{"line":5,"column":43},"end":{"line":12,"column":4}}},"1":{"name":"(anonymous_1)","decl":{"start":{"line":14,"column":3},"end":{"line":14,"column":9}},"loc":{"start":{"line":14,"column":41},"end":{"line":21,"column":4}}},"2":{"name":"(anonymous_2)","decl":{"start":{"line":22,"column":3},"end":{"line":22,"column":9}},"loc":{"start":{"line":22,"column":65},"end":{"line":29,"column":4}}}},"branchMap":{},"s":{"0":2,"1":2,"2":0,"3":0,"4":0,"5":0,"6":0,"7":0,"8":0,"9":0,"10":0,"11":0,"12":0,"13":0,"14":2},"f":{"0":0,"1":0,"2":0},"b":{}}
,"D:\\Projects\\HRManagerment\\src\\libs\\notify\\sendMail.lib.ts": {"path":"D:\\Projects\\HRManagerment\\src\\libs\\notify\\sendMail.lib.ts","statementMap":{"0":{"start":{"line":1,"column":0},"end":{"line":1,"column":49}},"1":{"start":{"line":2,"column":0},"end":{"line":2,"column":36}},"2":{"start":{"line":3,"column":0},"end":{"line":3,"column":45}},"3":{"start":{"line":6,"column":23},"end":{"line":6,"column":53}},"4":{"start":{"line":7,"column":21},"end":{"line":7,"column":42}},"5":{"start":{"line":9,"column":21},"end":{"line":12,"column":null}},"6":{"start":{"line":15,"column":0},"end":{"line":15,"column":75}},"7":{"start":{"line":18,"column":3},"end":{"line":44,"column":null}},"8":{"start":{"line":19,"column":26},"end":{"line":19,"column":61}},"9":{"start":{"line":21,"column":26},"end":{"line":31,"column":8}},"10":{"start":{"line":33,"column":19},"end":{"line":39,"column":8}},"11":{"start":{"line":40,"column":6},"end":{"line":40,"column":60}},"12":{"start":{"line":41,"column":6},"end":{"line":41,"column":18}},"13":{"start":{"line":43,"column":6},"end":{"line":43,"column":18}},"14":{"start":{"line":47,"column":9},"end":{"line":47,"column":17}}},"fnMap":{"0":{"name":"sendMail","decl":{"start":{"line":17,"column":15},"end":{"line":17,"column":23}},"loc":{"start":{"line":17,"column":47},"end":{"line":45,"column":1}}}},"branchMap":{},"s":{"0":1,"1":1,"2":1,"3":1,"4":1,"5":1,"6":1,"7":0,"8":0,"9":0,"10":0,"11":0,"12":0,"13":0,"14":1},"f":{"0":0},"b":{}}
,"D:\\Projects\\HRManagerment\\src\\models\\env.model.ts": {"path":"D:\\Projects\\HRManagerment\\src\\models\\env.model.ts","statementMap":{"0":{"start":{"line":1,"column":0},"end":{"line":1,"column":null}},"1":{"start":{"line":2,"column":3},"end":{"line":2,"column":null}},"2":{"start":{"line":3,"column":3},"end":{"line":3,"column":null}},"3":{"start":{"line":4,"column":3},"end":{"line":4,"column":null}},"4":{"start":{"line":5,"column":3},"end":{"line":5,"column":null}}},"fnMap":{"0":{"name":"(anonymous_0)","decl":{"start":{"line":1,"column":0},"end":{"line":1,"column":12}},"loc":{"start":{"line":1,"column":19},"end":{"line":6,"column":1}}}},"branchMap":{"0":{"loc":{"start":{"line":1,"column":12},"end":{"line":1,"column":null}},"type":"binary-expr","locations":[{"start":{"line":1,"column":12},"end":{"line":1,"column":19}},{"start":{"line":1,"column":12},"end":{"line":1,"column":null}}]}},"s":{"0":2,"1":2,"2":2,"3":2,"4":2},"f":{"0":2},"b":{"0":[2,2]}}
,"D:\\Projects\\HRManagerment\\src\\models\\form.model.ts": {"path":"D:\\Projects\\HRManagerment\\src\\models\\form.model.ts","statementMap":{"0":{"start":{"line":1,"column":0},"end":{"line":1,"column":null}},"1":{"start":{"line":2,"column":3},"end":{"line":2,"column":null}},"2":{"start":{"line":3,"column":3},"end":{"line":3,"column":null}},"3":{"start":{"line":4,"column":3},"end":{"line":4,"column":null}},"4":{"start":{"line":5,"column":3},"end":{"line":5,"column":null}},"5":{"start":{"line":8,"column":0},"end":{"line":8,"column":null}},"6":{"start":{"line":9,"column":3},"end":{"line":9,"column":null}},"7":{"start":{"line":10,"column":3},"end":{"line":10,"column":null}},"8":{"start":{"line":13,"column":0},"end":{"line":13,"column":null}},"9":{"start":{"line":14,"column":3},"end":{"line":14,"column":null}},"10":{"start":{"line":15,"column":3},"end":{"line":15,"column":null}},"11":{"start":{"line":18,"column":0},"end":{"line":18,"column":null}},"12":{"start":{"line":19,"column":3},"end":{"line":19,"column":null}},"13":{"start":{"line":20,"column":3},"end":{"line":20,"column":null}},"14":{"start":{"line":23,"column":0},"end":{"line":23,"column":null}},"15":{"start":{"line":24,"column":3},"end":{"line":24,"column":null}},"16":{"start":{"line":25,"column":3},"end":{"line":25,"column":null}},"17":{"start":{"line":26,"column":3},"end":{"line":26,"column":null}},"18":{"start":{"line":27,"column":3},"end":{"line":27,"column":null}},"19":{"start":{"line":28,"column":3},"end":{"line":28,"column":null}},"20":{"start":{"line":31,"column":0},"end":{"line":31,"column":null}},"21":{"start":{"line":32,"column":3},"end":{"line":32,"column":null}},"22":{"start":{"line":33,"column":3},"end":{"line":33,"column":null}},"23":{"start":{"line":36,"column":13},"end":{"line":36,"column":61}},"24":{"start":{"line":37,"column":13},"end":{"line":37,"column":57}},"25":{"start":{"line":38,"column":13},"end":{"line":38,"column":71}}},"fnMap":{"0":{"name":"(anonymous_0)","decl":{"start":{"line":1,"column":0},"end":{"line":1,"column":12}},"loc":{"start":{"line":1,"column":26},"end":{"line":6,"column":1}}},"1":{"name":"(anonymous_1)","decl":{"start":{"line":8,"column":0},"end":{"line":8,"column":12}},"loc":{"start":{"line":8,"column":24},"end":{"line":11,"column":1}}},"2":{"name":"(anonymous_2)","decl":{"start":{"line":13,"column":0},"end":{"line":13,"column":12}},"loc":{"start":{"line":13,"column":21},"end":{"line":16,"column":1}}},"3":{"name":"(anonymous_3)","decl":{"start":{"line":18,"column":0},"end":{"line":18,"column":12}},"loc":{"start":{"line":18,"column":31},"end":{"line":21,"column":1}}},"4":{"name":"(anonymous_4)","decl":{"start":{"line":23,"column":0},"end":{"line":23,"column":12}},"loc":{"start":{"line":23,"column":28},"end":{"line":29,"column":1}}},"5":{"name":"(anonymous_5)","decl":{"start":{"line":31,"column":0},"end":{"line":31,"column":12}},"loc":{"start":{"line":31,"column":32},"end":{"line":34,"column":1}}}},"branchMap":{"0":{"loc":{"start":{"line":1,"column":12},"end":{"line":1,"column":null}},"type":"binary-expr","locations":[{"start":{"line":1,"column":12},"end":{"line":1,"column":26}},{"start":{"line":1,"column":12},"end":{"line":1,"column":null}}]},"1":{"loc":{"start":{"line":8,"column":12},"end":{"line":8,"column":null}},"type":"binary-expr","locations":[{"start":{"line":8,"column":12},"end":{"line":8,"column":24}},{"start":{"line":8,"column":12},"end":{"line":8,"column":null}}]},"2":{"loc":{"start":{"line":13,"column":12},"end":{"line":13,"column":null}},"type":"binary-expr","locations":[{"start":{"line":13,"column":12},"end":{"line":13,"column":21}},{"start":{"line":13,"column":12},"end":{"line":13,"column":null}}]},"3":{"loc":{"start":{"line":18,"column":12},"end":{"line":18,"column":null}},"type":"binary-expr","locations":[{"start":{"line":18,"column":12},"end":{"line":18,"column":31}},{"start":{"line":18,"column":12},"end":{"line":18,"column":null}}]},"4":{"loc":{"start":{"line":23,"column":12},"end":{"line":23,"column":null}},"type":"binary-expr","locations":[{"start":{"line":23,"column":12},"end":{"line":23,"column":28}},{"start":{"line":23,"column":12},"end":{"line":23,"column":null}}]},"5":{"loc":{"start":{"line":31,"column":12},"end":{"line":31,"column":null}},"type":"binary-expr","locations":[{"start":{"line":31,"column":12},"end":{"line":31,"column":32}},{"start":{"line":31,"column":12},"end":{"line":31,"column":null}}]}},"s":{"0":2,"1":2,"2":2,"3":2,"4":2,"5":2,"6":2,"7":2,"8":2,"9":2,"10":2,"11":2,"12":2,"13":2,"14":2,"15":2,"16":2,"17":2,"18":2,"19":2,"20":2,"21":2,"22":2,"23":2,"24":2,"25":2},"f":{"0":2,"1":2,"2":2,"3":2,"4":2,"5":2},"b":{"0":[2,2],"1":[2,2],"2":[2,2],"3":[2,2],"4":[2,2],"5":[2,2]}}
,"D:\\Projects\\HRManagerment\\src\\models\\roles.model.ts": {"path":"D:\\Projects\\HRManagerment\\src\\models\\roles.model.ts","statementMap":{"0":{"start":{"line":1,"column":0},"end":{"line":1,"column":null}},"1":{"start":{"line":2,"column":3},"end":{"line":2,"column":null}},"2":{"start":{"line":3,"column":3},"end":{"line":3,"column":null}},"3":{"start":{"line":4,"column":3},"end":{"line":4,"column":null}},"4":{"start":{"line":5,"column":3},"end":{"line":5,"column":null}},"5":{"start":{"line":6,"column":3},"end":{"line":6,"column":null}},"6":{"start":{"line":9,"column":13},"end":{"line":9,"column":51}},"7":{"start":{"line":11,"column":13},"end":{"line":17,"column":2}},"8":{"start":{"line":19,"column":0},"end":{"line":19,"column":null}},"9":{"start":{"line":20,"column":3},"end":{"line":20,"column":null}},"10":{"start":{"line":21,"column":3},"end":{"line":21,"column":null}},"11":{"start":{"line":22,"column":3},"end":{"line":22,"column":null}},"12":{"start":{"line":23,"column":3},"end":{"line":23,"column":null}},"13":{"start":{"line":24,"column":3},"end":{"line":24,"column":null}},"14":{"start":{"line":27,"column":13},"end":{"line":27,"column":61}}},"fnMap":{"0":{"name":"(anonymous_0)","decl":{"start":{"line":1,"column":0},"end":{"line":1,"column":12}},"loc":{"start":{"line":1,"column":21},"end":{"line":7,"column":1}}},"1":{"name":"(anonymous_1)","decl":{"start":{"line":19,"column":0},"end":{"line":19,"column":12}},"loc":{"start":{"line":19,"column":26},"end":{"line":25,"column":1}}}},"branchMap":{"0":{"loc":{"start":{"line":1,"column":12},"end":{"line":1,"column":null}},"type":"binary-expr","locations":[{"start":{"line":1,"column":12},"end":{"line":1,"column":21}},{"start":{"line":1,"column":12},"end":{"line":1,"column":null}}]},"1":{"loc":{"start":{"line":19,"column":12},"end":{"line":19,"column":null}},"type":"binary-expr","locations":[{"start":{"line":19,"column":12},"end":{"line":19,"column":26}},{"start":{"line":19,"column":12},"end":{"line":19,"column":null}}]}},"s":{"0":2,"1":2,"2":2,"3":2,"4":2,"5":2,"6":2,"7":2,"8":2,"9":2,"10":2,"11":2,"12":2,"13":2,"14":2},"f":{"0":2,"1":2},"b":{"0":[2,2],"1":[2,2]}}
,"D:\\Projects\\HRManagerment\\src\\models\\token.model.ts": {"path":"D:\\Projects\\HRManagerment\\src\\models\\token.model.ts","statementMap":{"0":{"start":{"line":1,"column":0},"end":{"line":1,"column":null}},"1":{"start":{"line":2,"column":3},"end":{"line":2,"column":null}},"2":{"start":{"line":3,"column":3},"end":{"line":3,"column":null}}},"fnMap":{"0":{"name":"(anonymous_0)","decl":{"start":{"line":1,"column":0},"end":{"line":1,"column":12}},"loc":{"start":{"line":1,"column":21},"end":{"line":4,"column":1}}}},"branchMap":{"0":{"loc":{"start":{"line":1,"column":12},"end":{"line":1,"column":null}},"type":"binary-expr","locations":[{"start":{"line":1,"column":12},"end":{"line":1,"column":21}},{"start":{"line":1,"column":12},"end":{"line":1,"column":null}}]}},"s":{"0":1,"1":1,"2":1},"f":{"0":1},"b":{"0":[1,1]}}
,"D:\\Projects\\HRManagerment\\src\\models\\user.model.ts": {"path":"D:\\Projects\\HRManagerment\\src\\models\\user.model.ts","statementMap":{"0":{"start":{"line":1,"column":0},"end":{"line":1,"column":null}},"1":{"start":{"line":2,"column":3},"end":{"line":2,"column":null}},"2":{"start":{"line":3,"column":3},"end":{"line":3,"column":null}},"3":{"start":{"line":4,"column":3},"end":{"line":4,"column":null}},"4":{"start":{"line":7,"column":13},"end":{"line":7,"column":73}}},"fnMap":{"0":{"name":"(anonymous_0)","decl":{"start":{"line":1,"column":0},"end":{"line":1,"column":12}},"loc":{"start":{"line":1,"column":32},"end":{"line":5,"column":1}}}},"branchMap":{"0":{"loc":{"start":{"line":1,"column":12},"end":{"line":1,"column":null}},"type":"binary-expr","locations":[{"start":{"line":1,"column":12},"end":{"line":1,"column":32}},{"start":{"line":1,"column":12},"end":{"line":1,"column":null}}]}},"s":{"0":1,"1":1,"2":1,"3":1,"4":1},"f":{"0":1},"b":{"0":[1,1]}}
,"D:\\Projects\\HRManagerment\\src\\utils\\object.utils.ts": {"path":"D:\\Projects\\HRManagerment\\src\\utils\\object.utils.ts","statementMap":{"0":{"start":{"line":8,"column":22},"end":{"line":8,"column":45}},"1":{"start":{"line":9,"column":21},"end":{"line":9,"column":23}},"2":{"start":{"line":10,"column":3},"end":{"line":14,"column":null}},"3":{"start":{"line":11,"column":6},"end":{"line":13,"column":null}},"4":{"start":{"line":12,"column":9},"end":{"line":12,"column":50}},"5":{"start":{"line":15,"column":3},"end":{"line":15,"column":20}},"6":{"start":{"line":7,"column":0},"end":{"line":7,"column":16}},"7":{"start":{"line":20,"column":13},"end":{"line":20,"column":50}},"8":{"start":{"line":21,"column":3},"end":{"line":21,"column":26}},"9":{"start":{"line":22,"column":3},"end":{"line":22,"column":14}},"10":{"start":{"line":19,"column":0},"end":{"line":19,"column":16}},"11":{"start":{"line":32,"column":3},"end":{"line":32,"column":64}},"12":{"start":{"line":32,"column":36},"end":{"line":32,"column":64}},"13":{"start":{"line":33,"column":3},"end":{"line":37,"column":null}},"14":{"start":{"line":34,"column":6},"end":{"line":36,"column":null}},"15":{"start":{"line":35,"column":9},"end":{"line":35,"column":21}},"16":{"start":{"line":38,"column":3},"end":{"line":38,"column":16}},"17":{"start":{"line":31,"column":0},"end":{"line":31,"column":16}}},"fnMap":{"0":{"name":"pickField","decl":{"start":{"line":7,"column":16},"end":{"line":7,"column":25}},"loc":{"start":{"line":7,"column":75},"end":{"line":16,"column":1}}},"1":{"name":"checkData","decl":{"start":{"line":19,"column":16},"end":{"line":19,"column":25}},"loc":{"start":{"line":19,"column":35},"end":{"line":23,"column":1}}},"2":{"name":"checkFieldContaint","decl":{"start":{"line":31,"column":16},"end":{"line":31,"column":34}},"loc":{"start":{"line":31,"column":86},"end":{"line":39,"column":1}}}},"branchMap":{"0":{"loc":{"start":{"line":11,"column":6},"end":{"line":13,"column":null}},"type":"if","locations":[{"start":{"line":11,"column":6},"end":{"line":13,"column":null}}]},"1":{"loc":{"start":{"line":32,"column":3},"end":{"line":32,"column":64}},"type":"if","locations":[{"start":{"line":32,"column":3},"end":{"line":32,"column":64}}]},"2":{"loc":{"start":{"line":34,"column":6},"end":{"line":36,"column":null}},"type":"if","locations":[{"start":{"line":34,"column":6},"end":{"line":36,"column":null}}]}},"s":{"0":0,"1":0,"2":0,"3":0,"4":0,"5":0,"6":2,"7":13,"8":13,"9":13,"10":2,"11":9,"12":0,"13":9,"14":17,"15":5,"16":4,"17":2},"f":{"0":0,"1":13,"2":9},"b":{"0":[0],"1":[0],"2":[5]}}
}
