TN:
SF:src\__test__\index.ts
FNF:0
FNH:0
DA:1,1
DA:3,1
DA:8,1
LF:3
LH:3
BRF:0
BRH:0
end_of_record
TN:
SF:src\__test__\mocks\getMockData.ts
FN:6,getMockUser
FN:13,getMockFormStore
FNF:2
FNH:2
FNDA:1,getMockUser
FNDA:1,getMockFormStore
DA:1,1
DA:3,1
DA:7,1
DA:8,1
DA:9,1
DA:10,1
DA:14,1
DA:15,1
DA:16,1
DA:17,1
DA:20,1
DA:21,1
DA:22,1
LF:13
LH:13
BRF:0
BRH:0
end_of_record
TN:
SF:src\apis\v1\forms\forms.model.ts
FN:52,(anonymous_4)
FNF:1
FNH:1
FNDA:4,(anonymous_4)
DA:32,2
DA:52,2
DA:57,4
DA:58,4
DA:59,36
DA:60,0
DA:61,0
DA:64,36
DA:66,36
DA:67,16
DA:70,4
DA:73,2
DA:74,2
LF:13
LH:11
BRDA:59,0,0,0
BRDA:59,0,1,36
BRDA:60,1,0,0
BRDA:66,2,0,16
BRDA:66,3,0,36
BRDA:66,3,1,36
BRDA:66,3,2,36
BRF:7
BRH:5
end_of_record
TN:
SF:src\apis\v1\forms\anualReviewForms\anualForm.model.ts
FN:55,anualFormDataFactory
FN:72,filterAnualFormFactory
FNF:2
FNH:2
FNDA:12,anualFormDataFactory
FNDA:1,filterAnualFormFactory
DA:1,2
DA:25,2
DA:37,2
DA:45,2
DA:51,2
DA:52,2
DA:53,2
DA:55,2
DA:56,12
DA:57,12
DA:58,12
DA:59,12
DA:60,36
DA:61,12
DA:62,24
DA:63,24
DA:64,12
DA:66,24
DA:69,12
DA:72,2
DA:73,1
DA:74,1
DA:76,1
DA:77,0
DA:78,0
DA:81,1
LF:26
LH:24
BRDA:60,0,0,12
BRDA:60,0,1,24
BRDA:62,1,0,24
BRDA:63,2,0,12
BRDA:76,3,0,0
BRF:5
BRH:4
end_of_record
TN:
SF:src\apis\v1\forms\anualReviewForms\anualForm.service.ts
FN:20,(anonymous_0)
FN:51,(anonymous_1)
FN:69,(anonymous_2)
FN:80,(anonymous_3)
FN:108,(anonymous_4)
FN:134,(anonymous_5)
FN:176,(anonymous_6)
FN:218,(anonymous_7)
FNF:8
FNH:4
FNDA:7,(anonymous_0)
FNDA:24,(anonymous_1)
FNDA:0,(anonymous_2)
FNDA:5,(anonymous_3)
FNDA:0,(anonymous_4)
FNDA:3,(anonymous_5)
FNDA:0,(anonymous_6)
FNDA:0,(anonymous_7)
DA:1,1
DA:4,1
DA:5,1
DA:6,1
DA:7,1
DA:8,1
DA:14,1
DA:15,1
DA:16,1
DA:17,1
DA:21,7
DA:22,7
DA:23,7
DA:24,7
DA:25,7
DA:26,1
DA:29,6
DA:30,1
DA:33,5
DA:34,1
DA:37,4
DA:41,1
DA:43,3
DA:50,3
DA:51,3
DA:52,24
DA:53,24
DA:54,24
DA:55,24
DA:56,24
DA:59,3
DA:61,3
DA:63,3
DA:69,3
DA:70,0
DA:73,3
DA:74,3
DA:76,4
DA:81,5
DA:83,5
DA:84,5
DA:85,5
DA:86,1
DA:90,4
DA:91,2
DA:92,2
DA:93,1
DA:96,3
DA:101,3
DA:103,2
DA:109,0
DA:110,0
DA:111,0
DA:112,0
DA:115,0
DA:119,0
DA:121,0
DA:122,0
DA:127,0
DA:129,0
DA:135,3
DA:137,3
DA:138,2
DA:139,0
DA:141,2
DA:142,2
DA:147,1
DA:151,1
DA:152,1
DA:153,1
DA:154,1
DA:155,1
DA:158,1
DA:159,1
DA:160,1
DA:161,1
DA:164,1
DA:166,1
DA:167,1
DA:170,1
DA:171,0
DA:174,0
DA:176,0
DA:177,0
DA:178,0
DA:180,0
DA:183,0
DA:193,1
DA:194,0
DA:202,1
DA:203,1
DA:204,1
DA:206,0
DA:209,0
DA:212,1
DA:214,0
DA:219,0
DA:220,0
DA:221,0
DA:223,0
DA:224,0
DA:225,0
DA:227,0
DA:228,0
DA:229,0
DA:232,0
DA:234,0
DA:239,1
LF:108
LH:74
BRDA:25,0,0,1
BRDA:29,1,0,1
BRDA:33,2,0,1
BRDA:37,3,0,1
BRDA:38,4,0,4
BRDA:38,4,1,2
BRDA:70,5,0,0
BRDA:70,5,1,0
BRDA:85,6,0,1
BRDA:90,7,0,2
BRDA:90,7,1,2
BRDA:92,8,0,1
BRDA:111,9,0,0
BRDA:115,10,0,0
BRDA:116,11,0,0
BRDA:116,11,1,0
BRDA:135,12,0,0
BRDA:137,13,0,2
BRDA:137,14,0,3
BRDA:137,14,1,2
BRDA:138,15,0,0
BRDA:138,15,1,2
BRDA:141,16,0,2
BRDA:154,17,0,1
BRDA:158,18,0,1
BRDA:158,19,0,1
BRDA:158,19,1,1
BRDA:158,19,2,1
BRDA:164,20,0,1
BRDA:170,21,0,0
BRDA:177,22,0,0
BRDA:193,23,0,0
BRDA:202,24,0,1
BRDA:202,24,1,0
BRDA:204,25,0,0
BRDA:204,26,0,1
BRDA:204,26,1,1
BRDA:220,27,0,0
BRDA:224,28,0,0
BRDA:227,29,0,0
BRDA:227,30,0,0
BRDA:227,30,1,0
BRDA:228,31,0,0
BRF:43
BRH:24
end_of_record
TN:
SF:src\apis\v1\forms\probationaryForm\probForm.model.ts
FN:45,probFormDataFactory
FN:62,filterProbFormFactory
FNF:2
FNH:0
FNDA:0,probFormDataFactory
FNDA:0,filterProbFormFactory
DA:1,2
DA:17,2
DA:29,2
DA:38,2
DA:42,2
DA:43,2
DA:45,2
DA:46,0
DA:47,0
DA:48,0
DA:49,0
DA:50,0
DA:51,0
DA:52,0
DA:53,0
DA:54,0
DA:56,0
DA:59,0
DA:62,2
DA:63,0
DA:64,0
DA:66,0
DA:67,0
DA:68,0
DA:71,0
LF:25
LH:8
BRDA:50,0,0,0
BRDA:50,0,1,0
BRDA:52,1,0,0
BRDA:53,2,0,0
BRDA:66,3,0,0
BRF:5
BRH:0
end_of_record
TN:
SF:src\apis\v1\users\users.service.ts
FN:22,(anonymous_0)
FN:43,(anonymous_1)
FN:50,(anonymous_2)
FN:53,(anonymous_3)
FN:59,(anonymous_4)
FN:94,(anonymous_5)
FN:98,(anonymous_6)
FN:104,(anonymous_7)
FN:107,(anonymous_8)
FN:113,(anonymous_9)
FN:163,(anonymous_10)
FN:172,(anonymous_11)
FN:194,(anonymous_12)
FN:258,(anonymous_13)
FNF:14
FNH:7
FNDA:3,(anonymous_0)
FNDA:1,(anonymous_1)
FNDA:2,(anonymous_2)
FNDA:0,(anonymous_3)
FNDA:10,(anonymous_4)
FNDA:2,(anonymous_5)
FNDA:0,(anonymous_6)
FNDA:5,(anonymous_7)
FNDA:0,(anonymous_8)
FNDA:4,(anonymous_9)
FNDA:0,(anonymous_10)
FNDA:0,(anonymous_11)
FNDA:0,(anonymous_12)
FNDA:0,(anonymous_13)
DA:2,1
DA:3,1
DA:5,1
DA:6,1
DA:7,1
DA:8,1
DA:9,1
DA:10,1
DA:11,1
DA:12,1
DA:13,1
DA:14,1
DA:15,1
DA:16,1
DA:17,1
DA:18,1
DA:23,3
DA:25,3
DA:26,3
DA:27,3
DA:28,3
DA:29,1
DA:32,2
DA:33,2
DA:34,2
DA:37,2
DA:38,2
DA:39,1
DA:42,1
DA:43,1
DA:46,1
DA:49,2
DA:50,2
DA:52,2
DA:53,1
DA:55,2
DA:60,10
DA:62,10
DA:63,10
DA:65,10
DA:66,4
DA:69,6
DA:71,0
DA:72,0
DA:76,6
DA:77,6
DA:78,1
DA:81,5
DA:82,2
DA:83,2
DA:86,5
DA:93,5
DA:94,2
DA:97,5
DA:98,2
DA:100,5
DA:101,5
DA:103,5
DA:104,5
DA:106,5
DA:107,0
DA:109,5
DA:114,4
DA:115,4
DA:116,4
DA:118,4
DA:119,4
DA:120,1
DA:123,3
DA:124,1
DA:127,2
DA:128,2
DA:130,2
DA:134,2
DA:147,2
DA:148,1
DA:154,2
DA:159,2
DA:164,0
DA:165,0
DA:166,0
DA:168,0
DA:173,0
DA:174,0
DA:180,0
DA:181,0
DA:188,0
DA:190,0
DA:195,0
DA:196,0
DA:202,0
DA:203,0
DA:204,0
DA:206,0
DA:207,0
DA:208,0
DA:209,0
DA:212,0
DA:213,0
DA:214,0
DA:215,0
DA:217,0
DA:218,0
DA:220,0
DA:221,0
DA:226,0
DA:227,0
DA:241,0
DA:242,0
DA:243,0
DA:245,0
DA:248,0
DA:252,0
DA:254,0
DA:259,0
DA:260,0
DA:261,0
DA:263,0
DA:268,1
LF:119
LH:76
BRDA:25,0,0,3
BRDA:25,0,1,0
BRDA:28,1,0,1
BRDA:32,2,0,2
BRDA:38,3,0,1
BRDA:42,4,0,1
BRDA:49,5,0,2
BRDA:52,6,0,1
BRDA:62,7,0,7
BRDA:62,7,1,3
BRDA:65,8,0,4
BRDA:65,9,0,10
BRDA:65,9,1,8
BRDA:69,10,0,0
BRDA:71,11,0,0
BRDA:71,12,0,0
BRDA:71,12,1,0
BRDA:77,13,0,1
BRDA:81,14,0,2
BRDA:93,15,0,2
BRDA:97,16,0,2
BRDA:103,17,0,5
BRDA:106,18,0,0
BRDA:119,19,0,1
BRDA:123,20,0,1
BRDA:130,21,0,1
BRDA:130,21,1,1
BRDA:147,22,0,1
BRDA:180,23,0,0
BRDA:203,24,0,0
BRDA:208,25,0,0
BRDA:212,26,0,0
BRDA:212,27,0,0
BRDA:212,27,1,0
BRDA:212,27,2,0
BRDA:217,28,0,0
BRDA:220,29,0,0
BRDA:226,30,0,0
BRDA:241,31,0,0
BRDA:241,31,1,0
BRDA:243,32,0,0
BRDA:243,33,0,0
BRDA:243,33,1,0
BRF:43
BRH:22
end_of_record
TN:
SF:src\commons\constants\app.const.ts
FNF:0
FNH:0
DA:1,2
DA:2,2
DA:3,2
DA:4,2
DA:5,2
DA:7,2
DA:8,2
LF:7
LH:7
BRF:0
BRH:0
end_of_record
TN:
SF:src\configs\app.config.ts
FN:8,getEnv
FNF:1
FNH:1
FNDA:2,getEnv
DA:1,2
DA:3,2
DA:5,2
DA:6,2
DA:9,2
DA:11,2
DA:12,2
DA:13,0
DA:15,2
DA:16,0
DA:18,2
DA:19,0
DA:21,2
DA:22,0
DA:24,2
DA:25,2
DA:28,0
DA:30,2
DA:33,2
DA:37,2
LF:20
LH:15
BRDA:12,0,0,0
BRDA:15,1,0,0
BRDA:18,2,0,0
BRDA:21,3,0,0
BRDA:24,4,0,2
BRF:5
BRH:1
end_of_record
TN:
SF:src\configs\aws\index.ts
FNF:0
FNH:0
DA:1,1
DA:2,1
DA:4,1
LF:3
LH:3
BRF:0
BRH:0
end_of_record
TN:
SF:src\configs\aws\s3.config.ts
FNF:0
FNH:0
DA:1,1
DA:2,1
DA:4,1
DA:6,1
DA:14,1
LF:5
LH:5
BRF:0
BRH:0
end_of_record
TN:
SF:src\configs\aws\ses.config.ts
FNF:0
FNH:0
DA:1,1
DA:2,1
DA:4,1
DA:6,1
DA:14,1
LF:5
LH:5
BRF:0
BRH:0
end_of_record
TN:
SF:src\configs\database\index.ts
FN:5,databaseConfig
FNF:1
FNH:0
FNDA:0,databaseConfig
DA:1,2
DA:2,2
DA:3,2
DA:6,0
DA:7,0
DA:8,0
DA:10,0
DA:14,2
LF:8
LH:4
BRF:0
BRH:0
end_of_record
TN:
SF:src\configs\database\mysql\mysql.config.ts
FN:11,connectMySql
FNF:1
FNH:0
FNDA:0,connectMySql
DA:1,2
DA:2,2
DA:4,2
DA:5,2
DA:12,0
DA:13,0
DA:14,0
DA:15,0
DA:17,0
DA:21,2
LF:10
LH:5
BRF:0
BRH:0
end_of_record
TN:
SF:src\configs\database\mysql\models\AnnualReviewForm.ts
FN:14,(anonymous_0)
FNF:1
FNH:1
FNDA:2,(anonymous_0)
DA:1,2
DA:3,2
DA:4,2
DA:5,2
DA:15,2
DA:20,2
DA:29,2
DA:60,2
DA:62,2
LF:9
LH:9
BRF:0
BRH:0
end_of_record
TN:
SF:src\configs\database\mysql\models\ProbationaryForm.ts
FN:16,(anonymous_0)
FNF:1
FNH:1
FNDA:2,(anonymous_0)
DA:1,2
DA:3,2
DA:4,2
DA:5,2
DA:6,2
DA:17,2
DA:22,2
DA:30,2
DA:61,2
DA:63,2
LF:10
LH:10
BRF:0
BRH:0
end_of_record
TN:
SF:src\configs\database\mysql\models\form.ts
FN:17,(anonymous_0)
FN:54,(anonymous_1)
FNF:2
FNH:2
FNDA:2,(anonymous_0)
FNDA:8,(anonymous_1)
DA:1,2
DA:3,2
DA:4,2
DA:5,2
DA:18,2
DA:23,2
DA:28,2
DA:33,2
DA:41,2
DA:55,8
DA:87,2
DA:89,2
LF:12
LH:12
BRF:0
BRH:0
end_of_record
TN:
SF:src\configs\database\mysql\models\formStore.ts
FN:28,(anonymous_0)
FNF:1
FNH:1
FNDA:2,(anonymous_0)
DA:1,2
DA:3,2
DA:10,2
DA:11,2
DA:12,2
DA:29,2
DA:34,2
DA:39,2
DA:44,2
DA:52,2
DA:95,2
DA:97,2
LF:12
LH:12
BRF:0
BRH:0
end_of_record
TN:
SF:src\configs\database\mysql\models\index.ts
FNF:0
FNH:0
DA:1,2
DA:2,2
DA:3,2
DA:4,2
DA:5,2
DA:6,2
DA:7,2
DA:13,2
DA:43,2
DA:73,2
LF:10
LH:10
BRF:0
BRH:0
end_of_record
TN:
SF:src\configs\database\mysql\models\user.ts
FN:27,(anonymous_0)
FN:59,(anonymous_1)
FN:69,(anonymous_2)
FN:88,(anonymous_3)
FNF:4
FNH:3
FNDA:2,(anonymous_0)
FNDA:4,(anonymous_1)
FNDA:4,(anonymous_2)
FNDA:0,(anonymous_3)
DA:1,2
DA:3,2
DA:4,2
DA:5,2
DA:6,2
DA:28,2
DA:36,2
DA:60,4
DA:70,4
DA:71,0
DA:73,4
DA:89,0
DA:118,2
DA:120,2
LF:14
LH:12
BRDA:70,0,0,0
BRF:1
BRH:0
end_of_record
TN:
SF:src\configs\database\redis\redisConnect.ts
FN:21,redisConnect
FN:22,(anonymous_1)
FN:26,(anonymous_2)
FN:27,(anonymous_3)
FN:32,(anonymous_4)
FNF:5
FNH:0
FNDA:0,redisConnect
FNDA:0,(anonymous_1)
FNDA:0,(anonymous_2)
FNDA:0,(anonymous_3)
FNDA:0,(anonymous_4)
DA:1,2
DA:2,2
DA:4,2
DA:6,2
DA:14,2
DA:15,2
DA:16,2
DA:19,2
DA:22,0
DA:23,0
DA:26,0
DA:27,0
DA:28,0
DA:32,0
DA:33,0
DA:35,0
DA:38,2
LF:17
LH:9
BRDA:14,0,0,2
BRDA:14,1,0,2
BRDA:14,1,1,2
BRF:3
BRH:3
end_of_record
TN:
SF:src\libs\authentication\token.lib.ts
FN:12,(anonymous_0)
FN:37,(anonymous_1)
FN:74,(anonymous_2)
FN:85,(anonymous_3)
FNF:4
FNH:0
FNDA:0,(anonymous_0)
FNDA:0,(anonymous_1)
FNDA:0,(anonymous_2)
FNDA:0,(anonymous_3)
DA:1,1
DA:2,1
DA:3,1
DA:4,1
DA:7,1
DA:8,1
DA:9,1
DA:13,0
DA:15,0
DA:16,0
DA:17,0
DA:19,0
DA:22,0
DA:24,0
DA:27,0
DA:29,0
DA:31,0
DA:33,0
DA:38,0
DA:40,0
DA:41,0
DA:43,0
DA:44,0
DA:46,0
DA:47,0
DA:49,0
DA:52,0
DA:57,0
DA:58,0
DA:59,0
DA:61,0
DA:62,0
DA:63,0
DA:64,0
DA:66,0
DA:67,0
DA:68,0
DA:69,0
DA:71,0
DA:75,0
DA:76,0
DA:77,0
DA:79,0
DA:86,0
DA:87,0
DA:88,0
DA:90,0
DA:95,1
LF:48
LH:8
BRDA:17,0,0,0
BRDA:17,0,1,0
BRDA:17,0,2,0
BRDA:41,1,0,0
BRDA:41,1,1,0
BRDA:41,1,2,0
BRDA:57,2,0,0
BRDA:61,3,0,0
BRDA:68,4,0,0
BRDA:68,4,1,0
BRDA:76,5,0,0
BRF:11
BRH:0
end_of_record
TN:
SF:src\libs\aws\index.ts
FNF:0
FNH:0
DA:1,1
DA:2,1
DA:4,1
LF:3
LH:3
BRF:0
BRH:0
end_of_record
TN:
SF:src\libs\aws\s3.lib.ts
FN:9,(anonymous_0)
FN:29,(anonymous_1)
FN:41,(anonymous_2)
FNF:3
FNH:0
FNDA:0,(anonymous_0)
FNDA:0,(anonymous_1)
FNDA:0,(anonymous_2)
DA:1,1
DA:2,1
DA:4,1
DA:6,1
DA:10,0
DA:11,0
DA:18,0
DA:22,0
DA:23,0
DA:24,0
DA:26,0
DA:30,0
DA:31,0
DA:35,0
DA:36,0
DA:38,0
DA:42,0
DA:43,0
DA:47,0
DA:48,0
DA:50,0
DA:55,1
LF:22
LH:5
BRF:0
BRH:0
end_of_record
TN:
SF:src\libs\aws\ses.lib.ts
FN:6,(anonymous_0)
FN:15,(anonymous_1)
FNF:2
FNH:0
FNDA:0,(anonymous_0)
FNDA:0,(anonymous_1)
DA:1,1
DA:7,0
DA:8,0
DA:9,0
DA:10,0
DA:12,0
DA:16,0
DA:31,0
DA:35,1
LF:9
LH:2
BRF:0
BRH:0
end_of_record
TN:
SF:src\libs\database\mysql\form.lib.ts
FN:10,(anonymous_0)
FN:28,(anonymous_1)
FN:56,(anonymous_2)
FN:97,(anonymous_3)
FN:162,(anonymous_4)
FN:189,(anonymous_5)
FNF:6
FNH:0
FNDA:0,(anonymous_0)
FNDA:0,(anonymous_1)
FNDA:0,(anonymous_2)
FNDA:0,(anonymous_3)
FNDA:0,(anonymous_4)
FNDA:0,(anonymous_5)
DA:3,2
DA:4,2
DA:5,2
DA:7,2
DA:11,0
DA:12,0
DA:21,0
DA:23,0
DA:24,0
DA:29,0
DA:30,0
DA:31,0
DA:40,0
DA:41,0
DA:43,0
DA:44,0
DA:45,0
DA:46,0
DA:62,0
DA:63,0
DA:64,0
DA:65,0
DA:72,0
DA:73,0
DA:74,0
DA:75,0
DA:76,0
DA:78,0
DA:81,0
DA:82,0
DA:83,0
DA:84,0
DA:86,0
DA:87,0
DA:103,0
DA:104,0
DA:105,0
DA:109,0
DA:110,0
DA:117,0
DA:133,0
DA:134,0
DA:135,0
DA:136,0
DA:137,0
DA:139,0
DA:142,0
DA:143,0
DA:144,0
DA:149,0
DA:150,0
DA:152,0
DA:153,0
DA:154,0
DA:163,0
DA:164,0
DA:169,0
DA:170,0
DA:177,0
DA:178,0
DA:180,0
DA:190,0
DA:191,0
DA:192,0
DA:193,0
DA:200,0
DA:201,0
DA:203,0
DA:208,2
LF:69
LH:5
BRDA:23,0,0,0
BRDA:23,0,1,0
BRDA:45,1,0,0
BRDA:45,1,1,0
BRDA:64,2,0,0
BRDA:75,3,0,0
BRDA:75,3,1,0
BRDA:75,4,0,0
BRDA:75,4,1,0
BRDA:86,5,0,0
BRDA:86,5,1,0
BRDA:109,6,0,0
BRDA:136,7,0,0
BRDA:136,7,1,0
BRDA:136,8,0,0
BRDA:136,8,1,0
BRDA:153,9,0,0
BRDA:153,9,1,0
BRDA:169,10,0,0
BRDA:192,11,0,0
BRF:20
BRH:0
end_of_record
TN:
SF:src\libs\database\mysql\index.ts
FNF:0
FNH:0
DA:1,2
DA:2,2
DA:3,2
LF:3
LH:3
BRF:0
BRH:0
end_of_record
TN:
SF:src\libs\database\mysql\user.lib.ts
FN:28,(anonymous_0)
FN:50,(anonymous_1)
FN:98,(anonymous_2)
FN:122,(anonymous_3)
FN:131,(anonymous_4)
FN:147,(anonymous_5)
FN:161,(anonymous_6)
FN:188,(anonymous_7)
FN:205,(anonymous_8)
FNF:9
FNH:0
FNDA:0,(anonymous_0)
FNDA:0,(anonymous_1)
FNDA:0,(anonymous_2)
FNDA:0,(anonymous_3)
FNDA:0,(anonymous_4)
FNDA:0,(anonymous_5)
FNDA:0,(anonymous_6)
FNDA:0,(anonymous_7)
FNDA:0,(anonymous_8)
DA:1,2
DA:3,2
DA:12,2
DA:13,2
DA:14,2
DA:16,2
DA:20,2
DA:29,0
DA:32,0
DA:36,0
DA:37,0
DA:38,0
DA:39,0
DA:41,0
DA:42,0
DA:43,0
DA:44,0
DA:46,0
DA:51,0
DA:56,0
DA:57,0
DA:59,0
DA:64,0
DA:65,0
DA:66,0
DA:68,0
DA:73,0
DA:74,0
DA:77,0
DA:78,0
DA:79,0
DA:81,0
DA:82,0
DA:87,0
DA:89,0
DA:90,0
DA:91,0
DA:92,0
DA:94,0
DA:99,0
DA:105,0
DA:109,0
DA:110,0
DA:111,0
DA:113,0
DA:114,0
DA:115,0
DA:116,0
DA:118,0
DA:123,0
DA:124,0
DA:125,0
DA:127,0
DA:132,0
DA:133,0
DA:134,0
DA:135,0
DA:139,0
DA:140,0
DA:141,0
DA:143,0
DA:148,0
DA:149,0
DA:150,0
DA:154,0
DA:155,0
DA:156,0
DA:158,0
DA:162,0
DA:176,0
DA:180,0
DA:181,0
DA:182,0
DA:184,0
DA:189,0
DA:190,0
DA:194,0
DA:196,0
DA:206,0
DA:207,0
DA:208,0
DA:209,0
DA:211,0
DA:212,0
DA:213,0
DA:214,0
DA:215,0
DA:216,0
DA:218,0
DA:219,0
DA:221,0
DA:222,0
DA:225,0
DA:226,0
DA:229,0
DA:230,0
DA:232,0
DA:234,0
DA:239,2
LF:99
LH:8
BRDA:41,0,0,0
BRDA:41,0,1,0
BRDA:42,1,0,0
BRDA:56,2,0,0
BRDA:56,2,1,0
BRDA:66,3,0,0
BRDA:73,4,0,0
BRDA:78,5,0,0
BRDA:81,6,0,0
BRDA:89,7,0,0
BRDA:89,7,1,0
BRDA:90,8,0,0
BRDA:113,9,0,0
BRDA:113,9,1,0
BRDA:114,10,0,0
BRDA:214,11,0,0
BRDA:215,12,0,0
BRDA:215,13,0,0
BRDA:215,13,1,0
BRDA:218,14,0,0
BRDA:218,15,0,0
BRDA:218,15,1,0
BRDA:221,16,0,0
BRDA:221,17,0,0
BRDA:221,17,1,0
BRDA:225,18,0,0
BRDA:229,19,0,0
BRF:27
BRH:0
end_of_record
TN:
SF:src\libs\database\redis\index.ts
FNF:0
FNH:0
DA:1,1
DA:2,1
DA:4,1
LF:3
LH:3
BRF:0
BRH:0
end_of_record
TN:
SF:src\libs\database\redis\keyPattern.lib.ts
FN:2,(anonymous_0)
FNF:1
FNH:0
FNDA:0,(anonymous_0)
DA:3,0
DA:6,1
LF:2
LH:1
BRF:0
BRH:0
end_of_record
TN:
SF:src\libs\database\redis\redis.lib.ts
FN:12,(anonymous_0)
FN:27,(anonymous_1)
FN:36,(anonymous_2)
FNF:3
FNH:0
FNDA:0,(anonymous_0)
FNDA:0,(anonymous_1)
FNDA:0,(anonymous_2)
DA:1,1
DA:2,1
DA:17,0
DA:18,0
DA:22,0
DA:24,0
DA:28,0
DA:29,0
DA:30,0
DA:32,0
DA:37,0
DA:38,0
DA:39,0
DA:41,0
DA:46,1
LF:15
LH:3
BRDA:15,0,0,0
BRF:1
BRH:0
end_of_record
TN:
SF:src\libs\error\codeErrors.ts
FNF:0
FNH:0
DA:2,2
DA:10,2
DA:11,2
DA:12,2
DA:15,2
LF:5
LH:5
BRF:0
BRH:0
end_of_record
TN:
SF:src\libs\error\httpErrors.ts
FN:12,(anonymous_0)
FN:20,(anonymous_1)
FN:23,(anonymous_2)
FN:26,(anonymous_3)
FN:29,(anonymous_4)
FN:33,(anonymous_5)
FN:43,(anonymous_6)
FN:53,(anonymous_7)
FN:63,(anonymous_8)
FN:73,(anonymous_9)
FN:83,(anonymous_10)
FN:93,(anonymous_11)
FN:103,(anonymous_12)
FN:112,(anonymous_13)
FNF:14
FNH:6
FNDA:29,(anonymous_0)
FNDA:0,(anonymous_1)
FNDA:0,(anonymous_2)
FNDA:0,(anonymous_3)
FNDA:0,(anonymous_4)
FNDA:6,(anonymous_5)
FNDA:12,(anonymous_6)
FNDA:2,(anonymous_7)
FNDA:8,(anonymous_8)
FNDA:0,(anonymous_9)
FNDA:0,(anonymous_10)
FNDA:1,(anonymous_11)
FNDA:0,(anonymous_12)
FNDA:0,(anonymous_13)
DA:2,2
DA:3,2
DA:4,2
DA:13,29
DA:14,29
DA:15,29
DA:16,29
DA:17,29
DA:21,0
DA:24,0
DA:27,0
DA:30,0
DA:34,6
DA:40,6
DA:44,12
DA:50,12
DA:54,2
DA:60,2
DA:64,8
DA:70,8
DA:74,0
DA:80,0
DA:84,0
DA:90,0
DA:94,1
DA:100,1
DA:104,0
DA:110,0
DA:113,0
DA:119,0
DA:123,2
LF:31
LH:19
BRDA:14,0,0,29
BRDA:14,0,1,0
BRDA:15,1,0,29
BRDA:15,1,1,0
BRDA:16,2,0,29
BRDA:16,2,1,0
BRDA:17,3,0,29
BRDA:17,3,1,0
BRDA:37,4,0,6
BRDA:37,4,1,6
BRDA:47,5,0,12
BRDA:47,5,1,12
BRDA:56,6,0,2
BRDA:56,6,1,2
BRDA:66,7,0,8
BRDA:66,7,1,8
BRDA:76,8,0,0
BRDA:76,8,1,0
BRDA:86,9,0,0
BRDA:86,9,1,0
BRDA:115,10,0,0
BRDA:115,10,1,0
BRDA:117,11,0,0
BRDA:117,11,1,0
BRF:24
BRH:12
end_of_record
TN:
SF:src\libs\error\typeError.ts
FN:1,(anonymous_0)
FNF:1
FNH:1
FNDA:2,(anonymous_0)
DA:1,2
DA:2,2
DA:3,2
DA:4,2
DA:5,2
DA:6,2
DA:9,2
LF:7
LH:7
BRDA:1,0,0,2
BRDA:1,0,1,2
BRF:2
BRH:2
end_of_record
TN:
SF:src\libs\fileHandle\file.lib.ts
FN:4,(anonymous_0)
FN:5,(anonymous_1)
FN:6,(anonymous_2)
FNF:3
FNH:0
FNDA:0,(anonymous_0)
FNDA:0,(anonymous_1)
FNDA:0,(anonymous_2)
DA:1,1
DA:5,0
DA:6,0
DA:7,0
DA:8,0
DA:10,0
DA:16,1
LF:7
LH:2
BRDA:7,0,0,0
BRF:1
BRH:0
end_of_record
TN:
SF:src\libs\hash\bscrypt.lib.ts
FN:5,(anonymous_0)
FN:14,(anonymous_1)
FN:22,(anonymous_2)
FNF:3
FNH:0
FNDA:0,(anonymous_0)
FNDA:0,(anonymous_1)
FNDA:0,(anonymous_2)
DA:1,2
DA:2,2
DA:6,0
DA:7,0
DA:8,0
DA:10,0
DA:15,0
DA:16,0
DA:17,0
DA:19,0
DA:23,0
DA:24,0
DA:25,0
DA:27,0
DA:32,2
LF:15
LH:3
BRF:0
BRH:0
end_of_record
TN:
SF:src\libs\notify\sendMail.lib.ts
FN:17,sendMail
FNF:1
FNH:0
FNDA:0,sendMail
DA:1,1
DA:2,1
DA:3,1
DA:6,1
DA:7,1
DA:9,1
DA:15,1
DA:18,0
DA:19,0
DA:21,0
DA:33,0
DA:40,0
DA:41,0
DA:43,0
DA:47,1
LF:15
LH:8
BRF:0
BRH:0
end_of_record
TN:
SF:src\models\env.model.ts
FN:1,(anonymous_0)
FNF:1
FNH:1
FNDA:2,(anonymous_0)
DA:1,2
DA:2,2
DA:3,2
DA:4,2
DA:5,2
LF:5
LH:5
BRDA:1,0,0,2
BRDA:1,0,1,2
BRF:2
BRH:2
end_of_record
TN:
SF:src\models\form.model.ts
FN:1,(anonymous_0)
FN:8,(anonymous_1)
FN:13,(anonymous_2)
FN:18,(anonymous_3)
FN:23,(anonymous_4)
FN:31,(anonymous_5)
FNF:6
FNH:6
FNDA:2,(anonymous_0)
FNDA:2,(anonymous_1)
FNDA:2,(anonymous_2)
FNDA:2,(anonymous_3)
FNDA:2,(anonymous_4)
FNDA:2,(anonymous_5)
DA:1,2
DA:2,2
DA:3,2
DA:4,2
DA:5,2
DA:8,2
DA:9,2
DA:10,2
DA:13,2
DA:14,2
DA:15,2
DA:18,2
DA:19,2
DA:20,2
DA:23,2
DA:24,2
DA:25,2
DA:26,2
DA:27,2
DA:28,2
DA:31,2
DA:32,2
DA:33,2
DA:36,2
DA:37,2
DA:38,2
LF:26
LH:26
BRDA:1,0,0,2
BRDA:1,0,1,2
BRDA:8,1,0,2
BRDA:8,1,1,2
BRDA:13,2,0,2
BRDA:13,2,1,2
BRDA:18,3,0,2
BRDA:18,3,1,2
BRDA:23,4,0,2
BRDA:23,4,1,2
BRDA:31,5,0,2
BRDA:31,5,1,2
BRF:12
BRH:12
end_of_record
TN:
SF:src\models\roles.model.ts
FN:1,(anonymous_0)
FN:19,(anonymous_1)
FNF:2
FNH:2
FNDA:2,(anonymous_0)
FNDA:2,(anonymous_1)
DA:1,2
DA:2,2
DA:3,2
DA:4,2
DA:5,2
DA:6,2
DA:9,2
DA:11,2
DA:19,2
DA:20,2
DA:21,2
DA:22,2
DA:23,2
DA:24,2
DA:27,2
LF:15
LH:15
BRDA:1,0,0,2
BRDA:1,0,1,2
BRDA:19,1,0,2
BRDA:19,1,1,2
BRF:4
BRH:4
end_of_record
TN:
SF:src\models\token.model.ts
FN:1,(anonymous_0)
FNF:1
FNH:1
FNDA:1,(anonymous_0)
DA:1,1
DA:2,1
DA:3,1
LF:3
LH:3
BRDA:1,0,0,1
BRDA:1,0,1,1
BRF:2
BRH:2
end_of_record
TN:
SF:src\models\user.model.ts
FN:1,(anonymous_0)
FNF:1
FNH:1
FNDA:1,(anonymous_0)
DA:1,1
DA:2,1
DA:3,1
DA:4,1
DA:7,1
LF:5
LH:5
BRDA:1,0,0,1
BRDA:1,0,1,1
BRF:2
BRH:2
end_of_record
TN:
SF:src\utils\object.utils.ts
FN:7,pickField
FN:19,checkData
FN:31,checkFieldContaint
FNF:3
FNH:2
FNDA:0,pickField
FNDA:13,checkData
FNDA:9,checkFieldContaint
DA:7,2
DA:8,0
DA:9,0
DA:10,0
DA:11,0
DA:12,0
DA:15,0
DA:19,2
DA:20,13
DA:21,13
DA:22,13
DA:31,2
DA:32,9
DA:33,9
DA:34,17
DA:35,5
DA:38,4
LF:17
LH:11
BRDA:11,0,0,0
BRDA:32,1,0,0
BRDA:34,2,0,5
BRF:3
BRH:1
end_of_record
